<?xml version="1.0" encoding="UTF-8"?>
<coverage generated="1656067284388" clover="3.2.0">
  <project timestamp="1656067284389" name="All files">
    <metrics statements="320" coveredstatements="320" conditionals="99" coveredconditionals="85" methods="62" coveredmethods="62" elements="481" coveredelements="467" complexity="0" loc="320" ncloc="320" packages="8" files="8" classes="8"/>
    <package name="Model">
      <metrics statements="82" coveredstatements="82" conditionals="55" coveredconditionals="41" methods="12" coveredmethods="12"/>
      <file name="Model.ts" path="E:\slider-plugin\src\range-slider\Model\Model.ts">
        <metrics statements="82" coveredstatements="82" conditionals="55" coveredconditionals="41" methods="12" coveredmethods="12"/>
        <line num="8" count="27" type="stmt"/>
        <line num="10" count="27" type="stmt"/>
        <line num="12" count="27" type="stmt"/>
        <line num="14" count="27" type="stmt"/>
        <line num="16" count="27" type="stmt"/>
        <line num="18" count="27" type="stmt"/>
        <line num="20" count="27" type="stmt"/>
        <line num="22" count="27" type="stmt"/>
        <line num="24" count="27" type="stmt"/>
        <line num="26" count="27" type="stmt"/>
        <line num="28" count="27" type="stmt"/>
        <line num="30" count="27" type="stmt"/>
        <line num="32" count="27" type="stmt"/>
        <line num="34" count="27" type="stmt"/>
        <line num="36" count="27" type="stmt"/>
        <line num="38" count="27" type="stmt"/>
        <line num="41" count="27" type="cond" truecount="2" falsecount="2"/>
        <line num="42" count="27" type="cond" truecount="2" falsecount="0"/>
        <line num="43" count="27" type="cond" truecount="1" falsecount="1"/>
        <line num="44" count="27" type="cond" truecount="2" falsecount="2"/>
        <line num="45" count="27" type="cond" truecount="2" falsecount="2"/>
        <line num="46" count="27" type="cond" truecount="1" falsecount="1"/>
        <line num="47" count="27" type="cond" truecount="1" falsecount="1"/>
        <line num="48" count="27" type="cond" truecount="1" falsecount="1"/>
        <line num="49" count="27" type="cond" truecount="1" falsecount="1"/>
        <line num="50" count="27" type="stmt"/>
        <line num="51" count="27" type="cond" truecount="1" falsecount="1"/>
        <line num="52" count="27" type="cond" truecount="1" falsecount="1"/>
        <line num="53" count="27" type="cond" truecount="1" falsecount="1"/>
        <line num="54" count="27" type="stmt"/>
        <line num="56" count="27" type="stmt"/>
        <line num="74" count="16" type="stmt"/>
        <line num="78" count="16" type="stmt"/>
        <line num="82" count="5" type="cond" truecount="2" falsecount="0"/>
        <line num="83" count="4" type="stmt"/>
        <line num="85" count="1" type="stmt"/>
        <line num="90" count="6" type="stmt"/>
        <line num="91" count="2" type="stmt"/>
        <line num="96" count="6" type="stmt"/>
        <line num="100" count="4" type="stmt"/>
        <line num="105" count="5" type="stmt"/>
        <line num="106" count="5" type="cond" truecount="1" falsecount="0"/>
        <line num="107" count="1" type="stmt"/>
        <line num="109" count="4" type="stmt"/>
        <line num="114" count="49" type="cond" truecount="1" falsecount="0"/>
        <line num="115" count="2" type="stmt"/>
        <line num="117" count="49" type="stmt"/>
        <line num="118" count="49" type="cond" truecount="1" falsecount="0"/>
        <line num="119" count="1" type="stmt"/>
        <line num="121" count="48" type="stmt"/>
        <line num="123" count="48" type="cond" truecount="2" falsecount="0"/>
        <line num="124" count="4" type="stmt"/>
        <line num="125" count="25" type="stmt"/>
        <line num="128" count="44" type="stmt"/>
        <line num="129" count="44" type="stmt"/>
        <line num="130" count="44" type="stmt"/>
        <line num="131" count="440" type="cond" truecount="1" falsecount="0"/>
        <line num="132" count="440" type="stmt"/>
        <line num="134" count="440" type="stmt"/>
        <line num="136" count="44" type="cond" truecount="1" falsecount="0"/>
        <line num="137" count="44" type="stmt"/>
        <line num="140" count="48" type="cond" truecount="1" falsecount="0"/>
        <line num="141" count="1" type="stmt"/>
        <line num="142" count="1" type="stmt"/>
        <line num="145" count="48" type="stmt"/>
        <line num="149" count="5" type="cond" truecount="2" falsecount="0"/>
        <line num="150" count="5" type="cond" truecount="2" falsecount="0"/>
        <line num="151" count="2" type="stmt"/>
        <line num="153" count="3" type="stmt"/>
        <line num="158" count="8" type="stmt"/>
        <line num="159" count="8" type="cond" truecount="2" falsecount="0"/>
        <line num="160" count="5" type="cond" truecount="2" falsecount="0"/>
        <line num="161" count="4" type="stmt"/>
        <line num="163" count="1" type="stmt"/>
        <line num="164" count="1" type="stmt"/>
        <line num="165" count="1" type="stmt"/>
        <line num="167" count="3" type="cond" truecount="2" falsecount="0"/>
        <line num="168" count="2" type="stmt"/>
        <line num="170" count="1" type="stmt"/>
        <line num="171" count="1" type="stmt"/>
        <line num="172" count="1" type="stmt"/>
        <line num="177" count="2" type="stmt"/>
      </file>
    </package>
    <package name="Presenter">
      <metrics statements="15" coveredstatements="15" conditionals="0" coveredconditionals="0" methods="4" coveredmethods="4"/>
      <file name="Presenter.ts" path="E:\slider-plugin\src\range-slider\Presenter\Presenter.ts">
        <metrics statements="15" coveredstatements="15" conditionals="0" coveredconditionals="0" methods="4" coveredmethods="4"/>
        <line num="5" count="10" type="stmt"/>
        <line num="7" count="10" type="stmt"/>
        <line num="10" count="10" type="stmt"/>
        <line num="11" count="10" type="stmt"/>
        <line num="12" count="10" type="stmt"/>
        <line num="16" count="15" type="stmt"/>
        <line num="17" count="15" type="stmt"/>
        <line num="18" count="15" type="stmt"/>
        <line num="19" count="15" type="stmt"/>
        <line num="20" count="15" type="stmt"/>
        <line num="24" count="2" type="stmt"/>
        <line num="28" count="4" type="stmt"/>
        <line num="29" count="4" type="stmt"/>
        <line num="30" count="4" type="stmt"/>
        <line num="33" count="1" type="stmt"/>
      </file>
    </package>
    <package name="View">
      <metrics statements="104" coveredstatements="104" conditionals="14" coveredconditionals="14" methods="19" coveredmethods="19"/>
      <file name="View.ts" path="E:\slider-plugin\src\range-slider\View\View.ts">
        <metrics statements="104" coveredstatements="104" conditionals="14" coveredconditionals="14" methods="19" coveredmethods="19"/>
        <line num="15" count="23" type="stmt"/>
        <line num="17" count="23" type="stmt"/>
        <line num="19" count="23" type="stmt"/>
        <line num="21" count="23" type="stmt"/>
        <line num="23" count="23" type="stmt"/>
        <line num="25" count="23" type="stmt"/>
        <line num="28" count="23" type="stmt"/>
        <line num="30" count="23" type="stmt"/>
        <line num="32" count="23" type="stmt"/>
        <line num="34" count="23" type="stmt"/>
        <line num="36" count="23" type="stmt"/>
        <line num="38" count="23" type="stmt"/>
        <line num="40" count="23" type="stmt"/>
        <line num="44" count="23" type="stmt"/>
        <line num="45" count="23" type="stmt"/>
        <line num="46" count="23" type="stmt"/>
        <line num="47" count="23" type="stmt"/>
        <line num="48" count="23" type="stmt"/>
        <line num="49" count="23" type="stmt"/>
        <line num="51" count="23" type="stmt"/>
        <line num="53" count="23" type="stmt"/>
        <line num="56" count="23" type="stmt"/>
        <line num="57" count="16" type="stmt"/>
        <line num="60" count="23" type="stmt"/>
        <line num="61" count="31" type="stmt"/>
        <line num="63" count="31" type="stmt"/>
        <line num="70" count="31" type="stmt"/>
        <line num="71" count="31" type="stmt"/>
        <line num="72" count="31" type="stmt"/>
        <line num="73" count="31" type="stmt"/>
        <line num="81" count="31" type="stmt"/>
        <line num="82" count="31" type="stmt"/>
        <line num="84" count="31" type="stmt"/>
        <line num="85" count="31" type="stmt"/>
        <line num="86" count="31" type="stmt"/>
        <line num="87" count="1" type="stmt"/>
        <line num="89" count="31" type="stmt"/>
        <line num="90" count="1" type="stmt"/>
        <line num="93" count="31" type="cond" truecount="1" falsecount="0"/>
        <line num="94" count="31" type="stmt"/>
        <line num="96" count="31" type="cond" truecount="3" falsecount="0"/>
        <line num="97" count="31" type="stmt"/>
        <line num="100" count="31" type="cond" truecount="1" falsecount="0"/>
        <line num="101" count="31" type="stmt"/>
        <line num="102" count="31" type="stmt"/>
        <line num="103" count="31" type="stmt"/>
        <line num="105" count="31" type="stmt"/>
        <line num="107" count="31" type="stmt"/>
        <line num="108" count="221" type="stmt"/>
        <line num="113" count="23" type="stmt"/>
        <line num="114" count="33" type="stmt"/>
        <line num="115" count="33" type="stmt"/>
        <line num="116" count="33" type="stmt"/>
        <line num="117" count="33" type="stmt"/>
        <line num="121" count="31" type="stmt"/>
        <line num="122" count="31" type="stmt"/>
        <line num="123" count="31" type="stmt"/>
        <line num="126" count="23" type="stmt"/>
        <line num="127" count="41" type="cond" truecount="2" falsecount="0"/>
        <line num="128" count="30" type="stmt"/>
        <line num="129" count="30" type="stmt"/>
        <line num="131" count="11" type="stmt"/>
        <line num="135" count="23" type="stmt"/>
        <line num="136" count="41" type="stmt"/>
        <line num="138" count="41" type="stmt"/>
        <line num="144" count="41" type="cond" truecount="2" falsecount="0"/>
        <line num="152" count="41" type="stmt"/>
        <line num="153" count="41" type="stmt"/>
        <line num="156" count="23" type="stmt"/>
        <line num="157" count="59" type="cond" truecount="1" falsecount="0"/>
        <line num="158" count="33" type="stmt"/>
        <line num="159" count="1" type="stmt"/>
        <line num="162" count="26" type="stmt"/>
        <line num="163" count="1" type="stmt"/>
        <line num="167" count="23" type="stmt"/>
        <line num="168" count="32" type="stmt"/>
        <line num="169" count="32" type="cond" truecount="1" falsecount="0"/>
        <line num="170" count="25" type="stmt"/>
        <line num="174" count="23" type="stmt"/>
        <line num="175" count="3" type="stmt"/>
        <line num="176" count="3" type="stmt"/>
        <line num="177" count="3" type="stmt"/>
        <line num="178" count="3" type="cond" truecount="1" falsecount="0"/>
        <line num="179" count="3" type="stmt"/>
        <line num="180" count="3" type="stmt"/>
        <line num="182" count="3" type="stmt"/>
        <line num="183" count="3" type="stmt"/>
        <line num="184" count="3" type="stmt"/>
        <line num="187" count="23" type="stmt"/>
        <line num="188" count="2" type="stmt"/>
        <line num="189" count="2" type="stmt"/>
        <line num="190" count="2" type="stmt"/>
        <line num="193" count="23" type="stmt"/>
        <line num="194" count="6" type="cond" truecount="2" falsecount="0"/>
        <line num="195" count="5" type="stmt"/>
        <line num="197" count="1" type="stmt"/>
        <line num="199" count="6" type="stmt"/>
        <line num="200" count="6" type="stmt"/>
        <line num="201" count="1" type="stmt"/>
        <line num="203" count="6" type="stmt"/>
        <line num="204" count="6" type="stmt"/>
        <line num="208" count="224" type="stmt"/>
        <line num="209" count="3" type="stmt"/>
        <line num="213" count="2" type="stmt"/>
      </file>
    </package>
    <package name="View.subView.barView">
      <metrics statements="12" coveredstatements="12" conditionals="4" coveredconditionals="4" methods="5" coveredmethods="5"/>
      <file name="barView.ts" path="E:\slider-plugin\src\range-slider\View\subView\barView\barView.ts">
        <metrics statements="12" coveredstatements="12" conditionals="4" coveredconditionals="4" methods="5" coveredmethods="5"/>
        <line num="2" count="29" type="stmt"/>
        <line num="5" count="37" type="stmt"/>
        <line num="6" count="37" type="stmt"/>
        <line num="7" count="37" type="stmt"/>
        <line num="11" count="82" type="stmt"/>
        <line num="15" count="45" type="cond" truecount="2" falsecount="0"/>
        <line num="16" count="34" type="stmt"/>
        <line num="17" count="34" type="cond" truecount="2" falsecount="0"/>
        <line num="19" count="11" type="stmt"/>
        <line num="20" count="11" type="stmt"/>
        <line num="25" count="32" type="stmt"/>
        <line num="29" count="3" type="stmt"/>
      </file>
    </package>
    <package name="View.subView.formView">
      <metrics statements="35" coveredstatements="35" conditionals="8" coveredconditionals="8" methods="7" coveredmethods="7"/>
      <file name="formView.ts" path="E:\slider-plugin\src\range-slider\View\subView\formView\formView.ts">
        <metrics statements="35" coveredstatements="35" conditionals="8" coveredconditionals="8" methods="7" coveredmethods="7"/>
        <line num="2" count="26" type="stmt"/>
        <line num="4" count="26" type="stmt"/>
        <line num="6" count="26" type="stmt"/>
        <line num="9" count="34" type="stmt"/>
        <line num="10" count="34" type="stmt"/>
        <line num="11" count="34" type="stmt"/>
        <line num="12" count="34" type="stmt"/>
        <line num="16" count="34" type="stmt"/>
        <line num="17" count="34" type="stmt"/>
        <line num="18" count="34" type="stmt"/>
        <line num="22" count="42" type="cond" truecount="2" falsecount="0"/>
        <line num="23" count="32" type="stmt"/>
        <line num="24" count="32" type="stmt"/>
        <line num="25" count="32" type="stmt"/>
        <line num="26" count="32" type="stmt"/>
        <line num="27" count="32" type="stmt"/>
        <line num="29" count="32" type="stmt"/>
        <line num="30" count="32" type="stmt"/>
        <line num="31" count="32" type="stmt"/>
        <line num="32" count="32" type="stmt"/>
        <line num="33" count="32" type="stmt"/>
        <line num="35" count="10" type="stmt"/>
        <line num="36" count="10" type="stmt"/>
        <line num="37" count="10" type="stmt"/>
        <line num="38" count="10" type="stmt"/>
        <line num="43" count="42" type="stmt"/>
        <line num="44" count="42" type="cond" truecount="3" falsecount="0"/>
        <line num="45" count="31" type="stmt"/>
        <line num="50" count="36" type="stmt"/>
        <line num="51" count="36" type="cond" truecount="1" falsecount="0"/>
        <line num="52" count="29" type="stmt"/>
        <line num="57" count="36" type="stmt"/>
        <line num="58" count="36" type="cond" truecount="1" falsecount="0"/>
        <line num="59" count="29" type="stmt"/>
        <line num="64" count="3" type="stmt"/>
      </file>
    </package>
    <package name="View.subView.stepView">
      <metrics statements="10" coveredstatements="10" conditionals="4" coveredconditionals="4" methods="3" coveredmethods="3"/>
      <file name="stepView.ts" path="E:\slider-plugin\src\range-slider\View\subView\stepView\stepView.ts">
        <metrics statements="10" coveredstatements="10" conditionals="4" coveredconditionals="4" methods="3" coveredmethods="3"/>
        <line num="2" count="12" type="stmt"/>
        <line num="5" count="2" type="stmt"/>
        <line num="6" count="2" type="stmt"/>
        <line num="7" count="2" type="stmt"/>
        <line num="11" count="2" type="stmt"/>
        <line num="12" count="2" type="stmt"/>
        <line num="13" count="2" type="cond" truecount="4" falsecount="0"/>
        <line num="14" count="1" type="stmt"/>
        <line num="16" count="1" type="stmt"/>
        <line num="21" count="2" type="stmt"/>
      </file>
    </package>
    <package name="View.subView.thumbView">
      <metrics statements="43" coveredstatements="43" conditionals="14" coveredconditionals="14" methods="9" coveredmethods="9"/>
      <file name="thumbView.ts" path="E:\slider-plugin\src\range-slider\View\subView\thumbView\thumbView.ts">
        <metrics statements="43" coveredstatements="43" conditionals="14" coveredconditionals="14" methods="9" coveredmethods="9"/>
        <line num="2" count="27" type="stmt"/>
        <line num="4" count="27" type="stmt"/>
        <line num="6" count="27" type="stmt"/>
        <line num="8" count="27" type="stmt"/>
        <line num="12" count="35" type="stmt"/>
        <line num="13" count="35" type="cond" truecount="1" falsecount="0"/>
        <line num="14" count="35" type="stmt"/>
        <line num="15" count="35" type="stmt"/>
        <line num="20" count="35" type="stmt"/>
        <line num="21" count="35" type="stmt"/>
        <line num="22" count="35" type="stmt"/>
        <line num="24" count="35" type="cond" truecount="1" falsecount="0"/>
        <line num="25" count="29" type="stmt"/>
        <line num="26" count="29" type="stmt"/>
        <line num="27" count="29" type="stmt"/>
        <line num="28" count="29" type="stmt"/>
        <line num="29" count="29" type="stmt"/>
        <line num="34" count="35" type="stmt"/>
        <line num="35" count="35" type="stmt"/>
        <line num="36" count="35" type="stmt"/>
        <line num="37" count="35" type="cond" truecount="1" falsecount="0"/>
        <line num="38" count="29" type="stmt"/>
        <line num="39" count="29" type="stmt"/>
        <line num="40" count="29" type="stmt"/>
        <line num="45" count="43" type="cond" truecount="1" falsecount="0"/>
        <line num="46" count="43" type="stmt"/>
        <line num="47" count="43" type="cond" truecount="1" falsecount="0"/>
        <line num="48" count="32" type="stmt"/>
        <line num="54" count="44" type="stmt"/>
        <line num="55" count="44" type="cond" truecount="1" falsecount="0"/>
        <line num="56" count="33" type="cond" truecount="2" falsecount="0"/>
        <line num="61" count="31" type="stmt"/>
        <line num="62" count="31" type="stmt"/>
        <line num="63" count="31" type="cond" truecount="1" falsecount="0"/>
        <line num="64" count="25" type="stmt"/>
        <line num="69" count="33" type="stmt"/>
        <line num="70" count="33" type="cond" truecount="1" falsecount="0"/>
        <line num="71" count="26" type="stmt"/>
        <line num="76" count="33" type="cond" truecount="1" falsecount="0"/>
        <line num="77" count="33" type="stmt"/>
        <line num="79" count="33" type="cond" truecount="3" falsecount="0"/>
        <line num="80" count="26" type="stmt"/>
        <line num="85" count="3" type="stmt"/>
      </file>
    </package>
    <package name="View.subView.ticksView">
      <metrics statements="19" coveredstatements="19" conditionals="0" coveredconditionals="0" methods="3" coveredmethods="3"/>
      <file name="ticksView.ts" path="E:\slider-plugin\src\range-slider\View\subView\ticksView\ticksView.ts">
        <metrics statements="19" coveredstatements="19" conditionals="0" coveredconditionals="0" methods="3" coveredmethods="3"/>
        <line num="2" count="25" type="stmt"/>
        <line num="3" count="32" type="stmt"/>
        <line num="4" count="32" type="stmt"/>
        <line num="6" count="32" type="stmt"/>
        <line num="7" count="32" type="stmt"/>
        <line num="8" count="226" type="stmt"/>
        <line num="9" count="226" type="stmt"/>
        <line num="11" count="226" type="stmt"/>
        <line num="12" count="226" type="stmt"/>
        <line num="13" count="226" type="stmt"/>
        <line num="15" count="226" type="stmt"/>
        <line num="16" count="226" type="stmt"/>
        <line num="17" count="226" type="stmt"/>
        <line num="18" count="226" type="stmt"/>
        <line num="20" count="226" type="stmt"/>
        <line num="22" count="226" type="stmt"/>
        <line num="24" count="32" type="stmt"/>
        <line num="30" count="227" type="stmt"/>
        <line num="33" count="3" type="stmt"/>
      </file>
    </package>
  </project>
</coverage>
