{"E:\\slider-plugin\\src\\range-slider\\Model\\Model.ts": {"path":"E:\\slider-plugin\\src\\range-slider\\Model\\Model.ts","statementMap":{"0":{"start":{"line":8,"column":2},"end":{"line":8,"column":null}},"1":{"start":{"line":10,"column":2},"end":{"line":10,"column":null}},"2":{"start":{"line":12,"column":2},"end":{"line":12,"column":null}},"3":{"start":{"line":14,"column":2},"end":{"line":14,"column":null}},"4":{"start":{"line":16,"column":2},"end":{"line":16,"column":null}},"5":{"start":{"line":18,"column":2},"end":{"line":18,"column":null}},"6":{"start":{"line":20,"column":2},"end":{"line":20,"column":null}},"7":{"start":{"line":22,"column":2},"end":{"line":22,"column":null}},"8":{"start":{"line":24,"column":2},"end":{"line":24,"column":null}},"9":{"start":{"line":26,"column":2},"end":{"line":26,"column":null}},"10":{"start":{"line":28,"column":2},"end":{"line":28,"column":null}},"11":{"start":{"line":30,"column":2},"end":{"line":30,"column":null}},"12":{"start":{"line":32,"column":2},"end":{"line":32,"column":null}},"13":{"start":{"line":34,"column":2},"end":{"line":34,"column":null}},"14":{"start":{"line":36,"column":2},"end":{"line":36,"column":null}},"15":{"start":{"line":38,"column":2},"end":{"line":38,"column":null}},"16":{"start":{"line":41,"column":4},"end":{"line":41,"column":68}},"17":{"start":{"line":42,"column":4},"end":{"line":42,"column":40}},"18":{"start":{"line":43,"column":4},"end":{"line":43,"column":42}},"19":{"start":{"line":44,"column":4},"end":{"line":44,"column":94}},"20":{"start":{"line":45,"column":4},"end":{"line":45,"column":91}},"21":{"start":{"line":46,"column":4},"end":{"line":46,"column":54}},"22":{"start":{"line":47,"column":4},"end":{"line":47,"column":50}},"23":{"start":{"line":48,"column":4},"end":{"line":48,"column":50}},"24":{"start":{"line":49,"column":4},"end":{"line":49,"column":48}},"25":{"start":{"line":50,"column":4},"end":{"line":50,"column":26}},"26":{"start":{"line":51,"column":4},"end":{"line":51,"column":92}},"27":{"start":{"line":52,"column":4},"end":{"line":52,"column":97}},"28":{"start":{"line":53,"column":4},"end":{"line":53,"column":56}},"29":{"start":{"line":54,"column":4},"end":{"line":54,"column":24}},"30":{"start":{"line":56,"column":4},"end":{"line":70,"column":6}},"31":{"start":{"line":74,"column":4},"end":{"line":74,"column":20}},"32":{"start":{"line":78,"column":4},"end":{"line":78,"column":34}},"33":{"start":{"line":82,"column":4},"end":{"line":86,"column":null}},"34":{"start":{"line":83,"column":6},"end":{"line":83,"column":42}},"35":{"start":{"line":85,"column":6},"end":{"line":85,"column":40}},"36":{"start":{"line":90,"column":4},"end":{"line":92,"column":7}},"37":{"start":{"line":91,"column":6},"end":{"line":91,"column":28}},"38":{"start":{"line":96,"column":4},"end":{"line":96,"column":30}},"39":{"start":{"line":100,"column":4},"end":{"line":100,"column":29}},"40":{"start":{"line":105,"column":23},"end":{"line":105,"column":51}},"41":{"start":{"line":106,"column":4},"end":{"line":108,"column":null}},"42":{"start":{"line":107,"column":6},"end":{"line":107,"column":31}},"43":{"start":{"line":109,"column":4},"end":{"line":109,"column":22}},"44":{"start":{"line":114,"column":4},"end":{"line":116,"column":null}},"45":{"start":{"line":115,"column":6},"end":{"line":115,"column":15}},"46":{"start":{"line":117,"column":34},"end":{"line":117,"column":36}},"47":{"start":{"line":118,"column":4},"end":{"line":120,"column":null}},"48":{"start":{"line":119,"column":6},"end":{"line":119,"column":25}},"49":{"start":{"line":121,"column":27},"end":{"line":121,"column":45}},"50":{"start":{"line":123,"column":4},"end":{"line":139,"column":null}},"51":{"start":{"line":124,"column":6},"end":{"line":126,"column":null}},"52":{"start":{"line":124,"column":27},"end":{"line":124,"column":30}},"53":{"start":{"line":125,"column":8},"end":{"line":125,"column":28}},"54":{"start":{"line":128,"column":24},"end":{"line":128,"column":55}},"55":{"start":{"line":129,"column":25},"end":{"line":129,"column":28}},"56":{"start":{"line":130,"column":6},"end":{"line":135,"column":null}},"57":{"start":{"line":130,"column":19},"end":{"line":130,"column":20}},"58":{"start":{"line":131,"column":8},"end":{"line":133,"column":null}},"59":{"start":{"line":132,"column":10},"end":{"line":132,"column":41}},"60":{"start":{"line":134,"column":8},"end":{"line":134,"column":41}},"61":{"start":{"line":136,"column":6},"end":{"line":138,"column":null}},"62":{"start":{"line":137,"column":8},"end":{"line":137,"column":39}},"63":{"start":{"line":140,"column":4},"end":{"line":143,"column":null}},"64":{"start":{"line":141,"column":6},"end":{"line":141,"column":24}},"65":{"start":{"line":142,"column":6},"end":{"line":142,"column":28}},"66":{"start":{"line":145,"column":4},"end":{"line":145,"column":23}},"67":{"start":{"line":149,"column":22},"end":{"line":149,"column":92}},"68":{"start":{"line":150,"column":4},"end":{"line":154,"column":null}},"69":{"start":{"line":151,"column":6},"end":{"line":151,"column":42}},"70":{"start":{"line":153,"column":6},"end":{"line":153,"column":29}},"71":{"start":{"line":158,"column":21},"end":{"line":158,"column":47}},"72":{"start":{"line":159,"column":4},"end":{"line":173,"column":null}},"73":{"start":{"line":160,"column":6},"end":{"line":166,"column":null}},"74":{"start":{"line":161,"column":8},"end":{"line":161,"column":39}},"75":{"start":{"line":163,"column":30},"end":{"line":163,"column":79}},"76":{"start":{"line":164,"column":8},"end":{"line":164,"column":36}},"77":{"start":{"line":165,"column":8},"end":{"line":165,"column":31}},"78":{"start":{"line":167,"column":11},"end":{"line":173,"column":null}},"79":{"start":{"line":168,"column":6},"end":{"line":168,"column":36}},"80":{"start":{"line":170,"column":28},"end":{"line":170,"column":77}},"81":{"start":{"line":171,"column":6},"end":{"line":171,"column":33}},"82":{"start":{"line":172,"column":6},"end":{"line":172,"column":29}},"83":{"start":{"line":177,"column":0},"end":{"line":177,"column":21}}},"fnMap":{"0":{"name":"(anonymous_0)","decl":{"start":{"line":40,"column":2},"end":{"line":40,"column":14}},"loc":{"start":{"line":40,"column":30},"end":{"line":71,"column":3}}},"1":{"name":"(anonymous_1)","decl":{"start":{"line":73,"column":2},"end":{"line":73,"column":6}},"loc":{"start":{"line":73,"column":6},"end":{"line":75,"column":3}}},"2":{"name":"(anonymous_2)","decl":{"start":{"line":77,"column":2},"end":{"line":77,"column":11}},"loc":{"start":{"line":77,"column":36},"end":{"line":79,"column":3}}},"3":{"name":"(anonymous_3)","decl":{"start":{"line":81,"column":2},"end":{"line":81,"column":8}},"loc":{"start":{"line":81,"column":43},"end":{"line":87,"column":3}}},"4":{"name":"(anonymous_4)","decl":{"start":{"line":89,"column":2},"end":{"line":89,"column":17}},"loc":{"start":{"line":89,"column":17},"end":{"line":93,"column":3}}},"5":{"name":"(anonymous_5)","decl":{"start":{"line":90,"column":27},"end":{"line":90,"column":28}},"loc":{"start":{"line":90,"column":40},"end":{"line":92,"column":5}}},"6":{"name":"(anonymous_6)","decl":{"start":{"line":95,"column":2},"end":{"line":95,"column":17}},"loc":{"start":{"line":95,"column":31},"end":{"line":97,"column":3}}},"7":{"name":"(anonymous_7)","decl":{"start":{"line":99,"column":2},"end":{"line":99,"column":16}},"loc":{"start":{"line":99,"column":30},"end":{"line":101,"column":3}}},"8":{"name":"(anonymous_8)","decl":{"start":{"line":104,"column":2},"end":{"line":104,"column":36}},"loc":{"start":{"line":104,"column":79},"end":{"line":110,"column":3}}},"9":{"name":"(anonymous_9)","decl":{"start":{"line":112,"column":2},"end":{"line":112,"column":10}},"loc":{"start":{"line":113,"column":39},"end":{"line":146,"column":3}}},"10":{"name":"(anonymous_10)","decl":{"start":{"line":148,"column":2},"end":{"line":148,"column":13}},"loc":{"start":{"line":148,"column":50},"end":{"line":155,"column":3}}},"11":{"name":"(anonymous_11)","decl":{"start":{"line":157,"column":2},"end":{"line":157,"column":11}},"loc":{"start":{"line":157,"column":48},"end":{"line":174,"column":3}}}},"branchMap":{"0":{"loc":{"start":{"line":41,"column":22},"end":{"line":41,"column":66}},"type":"cond-expr","locations":[{"start":{"line":41,"column":42},"end":{"line":41,"column":43}},{"start":{"line":41,"column":47},"end":{"line":41,"column":65}}]},"1":{"loc":{"start":{"line":41,"column":47},"end":{"line":41,"column":65}},"type":"binary-expr","locations":[{"start":{"line":41,"column":47},"end":{"line":41,"column":58}},{"start":{"line":41,"column":62},"end":{"line":41,"column":65}}]},"2":{"loc":{"start":{"line":42,"column":22},"end":{"line":42,"column":38}},"type":"binary-expr","locations":[{"start":{"line":42,"column":22},"end":{"line":42,"column":33}},{"start":{"line":42,"column":37},"end":{"line":42,"column":38}}]},"3":{"loc":{"start":{"line":43,"column":23},"end":{"line":43,"column":40}},"type":"binary-expr","locations":[{"start":{"line":43,"column":23},"end":{"line":43,"column":35}},{"start":{"line":43,"column":39},"end":{"line":43,"column":40}}]},"4":{"loc":{"start":{"line":44,"column":31},"end":{"line":44,"column":92}},"type":"cond-expr","locations":[{"start":{"line":44,"column":60},"end":{"line":44,"column":61}},{"start":{"line":44,"column":65},"end":{"line":44,"column":91}}]},"5":{"loc":{"start":{"line":44,"column":65},"end":{"line":44,"column":91}},"type":"binary-expr","locations":[{"start":{"line":44,"column":65},"end":{"line":44,"column":85}},{"start":{"line":44,"column":89},"end":{"line":44,"column":91}}]},"6":{"loc":{"start":{"line":45,"column":30},"end":{"line":45,"column":89}},"type":"cond-expr","locations":[{"start":{"line":45,"column":58},"end":{"line":45,"column":59}},{"start":{"line":45,"column":63},"end":{"line":45,"column":88}}]},"7":{"loc":{"start":{"line":45,"column":63},"end":{"line":45,"column":88}},"type":"binary-expr","locations":[{"start":{"line":45,"column":63},"end":{"line":45,"column":82}},{"start":{"line":45,"column":86},"end":{"line":45,"column":88}}]},"8":{"loc":{"start":{"line":46,"column":24},"end":{"line":46,"column":53}},"type":"binary-expr","locations":[{"start":{"line":46,"column":24},"end":{"line":46,"column":44}},{"start":{"line":46,"column":48},"end":{"line":46,"column":53}}]},"9":{"loc":{"start":{"line":47,"column":22},"end":{"line":47,"column":49}},"type":"binary-expr","locations":[{"start":{"line":47,"column":22},"end":{"line":47,"column":40}},{"start":{"line":47,"column":44},"end":{"line":47,"column":49}}]},"10":{"loc":{"start":{"line":48,"column":22},"end":{"line":48,"column":49}},"type":"binary-expr","locations":[{"start":{"line":48,"column":22},"end":{"line":48,"column":40}},{"start":{"line":48,"column":44},"end":{"line":48,"column":49}}]},"11":{"loc":{"start":{"line":49,"column":21},"end":{"line":49,"column":47}},"type":"binary-expr","locations":[{"start":{"line":49,"column":21},"end":{"line":49,"column":38}},{"start":{"line":49,"column":42},"end":{"line":49,"column":47}}]},"12":{"loc":{"start":{"line":51,"column":20},"end":{"line":51,"column":91}},"type":"binary-expr","locations":[{"start":{"line":51,"column":20},"end":{"line":51,"column":36}},{"start":{"line":51,"column":40},"end":{"line":51,"column":91}}]},"13":{"loc":{"start":{"line":52,"column":22},"end":{"line":52,"column":96}},"type":"binary-expr","locations":[{"start":{"line":52,"column":22},"end":{"line":52,"column":40}},{"start":{"line":52,"column":44},"end":{"line":52,"column":96}}]},"14":{"loc":{"start":{"line":53,"column":23},"end":{"line":53,"column":55}},"type":"binary-expr","locations":[{"start":{"line":53,"column":23},"end":{"line":53,"column":42}},{"start":{"line":53,"column":46},"end":{"line":53,"column":55}}]},"15":{"loc":{"start":{"line":82,"column":4},"end":{"line":86,"column":null}},"type":"if","locations":[{"start":{"line":82,"column":4},"end":{"line":86,"column":null}},{"start":{"line":84,"column":11},"end":{"line":86,"column":null}}]},"16":{"loc":{"start":{"line":104,"column":55},"end":{"line":104,"column":79}},"type":"default-arg","locations":[{"start":{"line":104,"column":70},"end":{"line":104,"column":79}}]},"17":{"loc":{"start":{"line":106,"column":4},"end":{"line":108,"column":null}},"type":"if","locations":[{"start":{"line":106,"column":4},"end":{"line":108,"column":null}}]},"18":{"loc":{"start":{"line":112,"column":11},"end":{"line":112,"column":33}},"type":"default-arg","locations":[{"start":{"line":112,"column":25},"end":{"line":112,"column":33}}]},"19":{"loc":{"start":{"line":112,"column":35},"end":{"line":112,"column":57}},"type":"default-arg","locations":[{"start":{"line":112,"column":49},"end":{"line":112,"column":57}}]},"20":{"loc":{"start":{"line":112,"column":59},"end":{"line":112,"column":83}},"type":"default-arg","locations":[{"start":{"line":112,"column":74},"end":{"line":112,"column":83}}]},"21":{"loc":{"start":{"line":113,"column":4},"end":{"line":113,"column":39}},"type":"default-arg","locations":[{"start":{"line":113,"column":25},"end":{"line":113,"column":39}}]},"22":{"loc":{"start":{"line":114,"column":4},"end":{"line":116,"column":null}},"type":"if","locations":[{"start":{"line":114,"column":4},"end":{"line":116,"column":null}}]},"23":{"loc":{"start":{"line":118,"column":4},"end":{"line":120,"column":null}},"type":"if","locations":[{"start":{"line":118,"column":4},"end":{"line":120,"column":null}}]},"24":{"loc":{"start":{"line":123,"column":4},"end":{"line":139,"column":null}},"type":"if","locations":[{"start":{"line":123,"column":4},"end":{"line":139,"column":null}},{"start":{"line":127,"column":11},"end":{"line":139,"column":null}}]},"25":{"loc":{"start":{"line":131,"column":8},"end":{"line":133,"column":null}},"type":"if","locations":[{"start":{"line":131,"column":8},"end":{"line":133,"column":null}}]},"26":{"loc":{"start":{"line":136,"column":6},"end":{"line":138,"column":null}},"type":"if","locations":[{"start":{"line":136,"column":6},"end":{"line":138,"column":null}}]},"27":{"loc":{"start":{"line":140,"column":4},"end":{"line":143,"column":null}},"type":"if","locations":[{"start":{"line":140,"column":4},"end":{"line":143,"column":null}}]},"28":{"loc":{"start":{"line":149,"column":22},"end":{"line":149,"column":92}},"type":"cond-expr","locations":[{"start":{"line":149,"column":34},"end":{"line":149,"column":61}},{"start":{"line":149,"column":64},"end":{"line":149,"column":92}}]},"29":{"loc":{"start":{"line":150,"column":4},"end":{"line":154,"column":null}},"type":"if","locations":[{"start":{"line":150,"column":4},"end":{"line":154,"column":null}},{"start":{"line":152,"column":11},"end":{"line":154,"column":null}}]},"30":{"loc":{"start":{"line":159,"column":4},"end":{"line":173,"column":null}},"type":"if","locations":[{"start":{"line":159,"column":4},"end":{"line":173,"column":null}},{"start":{"line":167,"column":11},"end":{"line":173,"column":null}}]},"31":{"loc":{"start":{"line":160,"column":6},"end":{"line":166,"column":null}},"type":"if","locations":[{"start":{"line":160,"column":6},"end":{"line":166,"column":null}},{"start":{"line":162,"column":13},"end":{"line":166,"column":null}}]},"32":{"loc":{"start":{"line":167,"column":11},"end":{"line":173,"column":null}},"type":"if","locations":[{"start":{"line":167,"column":11},"end":{"line":173,"column":null}},{"start":{"line":169,"column":11},"end":{"line":173,"column":null}}]}},"s":{"0":27,"1":27,"2":27,"3":27,"4":27,"5":27,"6":27,"7":27,"8":27,"9":27,"10":27,"11":27,"12":27,"13":27,"14":27,"15":27,"16":27,"17":27,"18":27,"19":27,"20":27,"21":27,"22":27,"23":27,"24":27,"25":27,"26":27,"27":27,"28":27,"29":27,"30":27,"31":16,"32":16,"33":5,"34":4,"35":1,"36":6,"37":2,"38":6,"39":4,"40":5,"41":5,"42":1,"43":4,"44":49,"45":2,"46":49,"47":49,"48":1,"49":48,"50":48,"51":4,"52":4,"53":25,"54":44,"55":44,"56":44,"57":44,"58":440,"59":440,"60":440,"61":44,"62":44,"63":48,"64":1,"65":1,"66":48,"67":5,"68":5,"69":2,"70":3,"71":8,"72":8,"73":5,"74":4,"75":1,"76":1,"77":1,"78":3,"79":2,"80":1,"81":1,"82":1,"83":2},"f":{"0":27,"1":16,"2":16,"3":5,"4":6,"5":2,"6":6,"7":4,"8":5,"9":49,"10":5,"11":8},"b":{"0":[0,27],"1":[27,0],"2":[27,27],"3":[27,0],"4":[0,27],"5":[27,0],"6":[0,27],"7":[27,0],"8":[27,0],"9":[27,0],"10":[27,0],"11":[27,0],"12":[27,0],"13":[27,0],"14":[27,0],"15":[4,1],"16":[2],"17":[1],"18":[43],"19":[43],"20":[43],"21":[43],"22":[2],"23":[1],"24":[4,44],"25":[440],"26":[44],"27":[1],"28":[4,1],"29":[2,3],"30":[5,3],"31":[4,1],"32":[2,1]}}
,"E:\\slider-plugin\\src\\range-slider\\Presenter\\Presenter.ts": {"path":"E:\\slider-plugin\\src\\range-slider\\Presenter\\Presenter.ts","statementMap":{"0":{"start":{"line":5,"column":2},"end":{"line":5,"column":null}},"1":{"start":{"line":7,"column":2},"end":{"line":7,"column":null}},"2":{"start":{"line":10,"column":4},"end":{"line":10,"column":21}},"3":{"start":{"line":11,"column":4},"end":{"line":11,"column":23}},"4":{"start":{"line":12,"column":4},"end":{"line":12,"column":16}},"5":{"start":{"line":16,"column":4},"end":{"line":16,"column":21}},"6":{"start":{"line":17,"column":4},"end":{"line":17,"column":22}},"7":{"start":{"line":18,"column":4},"end":{"line":18,"column":31}},"8":{"start":{"line":19,"column":4},"end":{"line":19,"column":30}},"9":{"start":{"line":20,"column":4},"end":{"line":20,"column":50}},"10":{"start":{"line":24,"column":4},"end":{"line":24,"column":40}},"11":{"start":{"line":28,"column":4},"end":{"line":28,"column":61}},"12":{"start":{"line":29,"column":4},"end":{"line":29,"column":59}},"13":{"start":{"line":30,"column":4},"end":{"line":30,"column":25}},"14":{"start":{"line":33,"column":0},"end":{"line":33,"column":25}}},"fnMap":{"0":{"name":"(anonymous_0)","decl":{"start":{"line":9,"column":2},"end":{"line":9,"column":14}},"loc":{"start":{"line":9,"column":38},"end":{"line":13,"column":3}}},"1":{"name":"(anonymous_1)","decl":{"start":{"line":15,"column":2},"end":{"line":15,"column":6}},"loc":{"start":{"line":15,"column":6},"end":{"line":21,"column":3}}},"2":{"name":"(anonymous_2)","decl":{"start":{"line":23,"column":2},"end":{"line":23,"column":13}},"loc":{"start":{"line":23,"column":47},"end":{"line":25,"column":3}}},"3":{"name":"(anonymous_3)","decl":{"start":{"line":27,"column":2},"end":{"line":27,"column":12}},"loc":{"start":{"line":27,"column":12},"end":{"line":31,"column":3}}}},"branchMap":{},"s":{"0":10,"1":10,"2":10,"3":10,"4":10,"5":15,"6":15,"7":15,"8":15,"9":15,"10":2,"11":4,"12":4,"13":4,"14":1},"f":{"0":10,"1":15,"2":2,"3":4},"b":{}}
,"E:\\slider-plugin\\src\\range-slider\\View\\View.ts": {"path":"E:\\slider-plugin\\src\\range-slider\\View\\View.ts","statementMap":{"0":{"start":{"line":15,"column":2},"end":{"line":15,"column":null}},"1":{"start":{"line":17,"column":2},"end":{"line":17,"column":null}},"2":{"start":{"line":19,"column":2},"end":{"line":19,"column":null}},"3":{"start":{"line":21,"column":2},"end":{"line":21,"column":null}},"4":{"start":{"line":23,"column":2},"end":{"line":23,"column":null}},"5":{"start":{"line":25,"column":2},"end":{"line":25,"column":null}},"6":{"start":{"line":28,"column":2},"end":{"line":28,"column":null}},"7":{"start":{"line":30,"column":2},"end":{"line":30,"column":null}},"8":{"start":{"line":32,"column":2},"end":{"line":32,"column":null}},"9":{"start":{"line":34,"column":2},"end":{"line":34,"column":null}},"10":{"start":{"line":36,"column":2},"end":{"line":36,"column":null}},"11":{"start":{"line":38,"column":2},"end":{"line":38,"column":null}},"12":{"start":{"line":40,"column":2},"end":{"line":40,"column":null}},"13":{"start":{"line":56,"column":2},"end":{"line":58,"column":null}},"14":{"start":{"line":57,"column":4},"end":{"line":57,"column":34}},"15":{"start":{"line":60,"column":2},"end":{"line":111,"column":null}},"16":{"start":{"line":61,"column":4},"end":{"line":61,"column":25}},"17":{"start":{"line":63,"column":4},"end":{"line":68,"column":6}},"18":{"start":{"line":70,"column":4},"end":{"line":70,"column":35}},"19":{"start":{"line":71,"column":4},"end":{"line":71,"column":43}},"20":{"start":{"line":72,"column":4},"end":{"line":72,"column":51}},"21":{"start":{"line":73,"column":4},"end":{"line":79,"column":6}},"22":{"start":{"line":81,"column":4},"end":{"line":81,"column":84}},"23":{"start":{"line":82,"column":4},"end":{"line":82,"column":86}},"24":{"start":{"line":84,"column":4},"end":{"line":84,"column":20}},"25":{"start":{"line":85,"column":4},"end":{"line":85,"column":22}},"26":{"start":{"line":86,"column":4},"end":{"line":88,"column":6}},"27":{"start":{"line":87,"column":6},"end":{"line":87,"column":28}},"28":{"start":{"line":89,"column":4},"end":{"line":91,"column":6}},"29":{"start":{"line":90,"column":6},"end":{"line":90,"column":28}},"30":{"start":{"line":93,"column":4},"end":{"line":95,"column":null}},"31":{"start":{"line":94,"column":6},"end":{"line":94,"column":58}},"32":{"start":{"line":96,"column":4},"end":{"line":98,"column":null}},"33":{"start":{"line":97,"column":6},"end":{"line":97,"column":32}},"34":{"start":{"line":100,"column":4},"end":{"line":110,"column":null}},"35":{"start":{"line":101,"column":20},"end":{"line":101,"column":94}},"36":{"start":{"line":102,"column":31},"end":{"line":102,"column":36}},"37":{"start":{"line":103,"column":26},"end":{"line":103,"column":38}},"38":{"start":{"line":105,"column":6},"end":{"line":105,"column":40}},"39":{"start":{"line":107,"column":6},"end":{"line":109,"column":null}},"40":{"start":{"line":107,"column":19},"end":{"line":107,"column":20}},"41":{"start":{"line":108,"column":8},"end":{"line":108,"column":93}},"42":{"start":{"line":113,"column":2},"end":{"line":118,"column":null}},"43":{"start":{"line":114,"column":4},"end":{"line":114,"column":49}},"44":{"start":{"line":115,"column":4},"end":{"line":115,"column":47}},"45":{"start":{"line":116,"column":4},"end":{"line":116,"column":30}},"46":{"start":{"line":117,"column":4},"end":{"line":117,"column":37}},"47":{"start":{"line":126,"column":2},"end":{"line":133,"column":null}},"48":{"start":{"line":127,"column":4},"end":{"line":132,"column":null}},"49":{"start":{"line":128,"column":6},"end":{"line":128,"column":82}},"50":{"start":{"line":129,"column":6},"end":{"line":129,"column":82}},"51":{"start":{"line":131,"column":6},"end":{"line":131,"column":84}},"52":{"start":{"line":135,"column":2},"end":{"line":154,"column":null}},"53":{"start":{"line":136,"column":4},"end":{"line":137,"column":32}},"54":{"start":{"line":138,"column":33},"end":{"line":141,"column":null}},"55":{"start":{"line":144,"column":31},"end":{"line":150,"column":11}},"56":{"start":{"line":152,"column":4},"end":{"line":152,"column":77}},"57":{"start":{"line":153,"column":4},"end":{"line":153,"column":79}},"58":{"start":{"line":156,"column":2},"end":{"line":165,"column":null}},"59":{"start":{"line":157,"column":4},"end":{"line":161,"column":null}},"60":{"start":{"line":158,"column":6},"end":{"line":160,"column":8}},"61":{"start":{"line":159,"column":8},"end":{"line":159,"column":57}},"62":{"start":{"line":162,"column":4},"end":{"line":164,"column":6}},"63":{"start":{"line":163,"column":6},"end":{"line":163,"column":66}},"64":{"start":{"line":167,"column":2},"end":{"line":172,"column":null}},"65":{"start":{"line":168,"column":4},"end":{"line":168,"column":66}},"66":{"start":{"line":169,"column":4},"end":{"line":171,"column":null}},"67":{"start":{"line":170,"column":6},"end":{"line":170,"column":75}},"68":{"start":{"line":174,"column":2},"end":{"line":185,"column":null}},"69":{"start":{"line":175,"column":25},"end":{"line":175,"column":37}},"70":{"start":{"line":176,"column":26},"end":{"line":176,"column":61}},"71":{"start":{"line":177,"column":34},"end":{"line":177,"column":63}},"72":{"start":{"line":178,"column":4},"end":{"line":181,"column":null}},"73":{"start":{"line":179,"column":6},"end":{"line":179,"column":53}},"74":{"start":{"line":180,"column":6},"end":{"line":180,"column":29}},"75":{"start":{"line":182,"column":28},"end":{"line":182,"column":60}},"76":{"start":{"line":183,"column":32},"end":{"line":183,"column":88}},"77":{"start":{"line":184,"column":4},"end":{"line":184,"column":23}},"78":{"start":{"line":187,"column":2},"end":{"line":191,"column":null}},"79":{"start":{"line":188,"column":28},"end":{"line":188,"column":62}},"80":{"start":{"line":189,"column":21},"end":{"line":189,"column":56}},"81":{"start":{"line":190,"column":4},"end":{"line":190,"column":29}},"82":{"start":{"line":193,"column":2},"end":{"line":206,"column":null}},"83":{"start":{"line":194,"column":4},"end":{"line":198,"column":null}},"84":{"start":{"line":195,"column":6},"end":{"line":195,"column":43}},"85":{"start":{"line":197,"column":6},"end":{"line":197,"column":42}},"86":{"start":{"line":199,"column":4},"end":{"line":199,"column":20}},"87":{"start":{"line":200,"column":4},"end":{"line":202,"column":7}},"88":{"start":{"line":201,"column":6},"end":{"line":201,"column":48}},"89":{"start":{"line":203,"column":4},"end":{"line":203,"column":30}},"90":{"start":{"line":204,"column":4},"end":{"line":205,"column":59}},"91":{"start":{"line":208,"column":2},"end":{"line":210,"column":null}},"92":{"start":{"line":208,"column":34},"end":{"line":210,"column":3}},"93":{"start":{"line":209,"column":4},"end":{"line":209,"column":32}},"94":{"start":{"line":44,"column":4},"end":{"line":44,"column":25}},"95":{"start":{"line":45,"column":4},"end":{"line":45,"column":23}},"96":{"start":{"line":46,"column":4},"end":{"line":46,"column":21}},"97":{"start":{"line":47,"column":4},"end":{"line":47,"column":19}},"98":{"start":{"line":48,"column":4},"end":{"line":48,"column":23}},"99":{"start":{"line":49,"column":4},"end":{"line":49,"column":21}},"100":{"start":{"line":51,"column":4},"end":{"line":51,"column":27}},"101":{"start":{"line":53,"column":4},"end":{"line":53,"column":24}},"102":{"start":{"line":121,"column":4},"end":{"line":121,"column":47}},"103":{"start":{"line":122,"column":4},"end":{"line":122,"column":52}},"104":{"start":{"line":123,"column":4},"end":{"line":123,"column":30}},"105":{"start":{"line":213,"column":0},"end":{"line":213,"column":20}}},"fnMap":{"0":{"name":"(anonymous_0)","decl":{"start":{"line":42,"column":2},"end":{"line":42,"column":14}},"loc":{"start":{"line":43,"column":54},"end":{"line":54,"column":3}}},"1":{"name":"(anonymous_1)","decl":{"start":{"line":56,"column":14},"end":{"line":56,"column":15}},"loc":{"start":{"line":56,"column":42},"end":{"line":58,"column":3}}},"2":{"name":"(anonymous_2)","decl":{"start":{"line":60,"column":9},"end":{"line":60,"column":12}},"loc":{"start":{"line":60,"column":14},"end":{"line":111,"column":3}}},"3":{"name":"(anonymous_3)","decl":{"start":{"line":86,"column":31},"end":{"line":86,"column":32}},"loc":{"start":{"line":86,"column":40},"end":{"line":88,"column":5}}},"4":{"name":"(anonymous_4)","decl":{"start":{"line":89,"column":29},"end":{"line":89,"column":30}},"loc":{"start":{"line":89,"column":38},"end":{"line":91,"column":5}}},"5":{"name":"(anonymous_5)","decl":{"start":{"line":113,"column":18},"end":{"line":113,"column":21}},"loc":{"start":{"line":113,"column":23},"end":{"line":118,"column":3}}},"6":{"name":"(anonymous_6)","decl":{"start":{"line":126,"column":23},"end":{"line":126,"column":26}},"loc":{"start":{"line":126,"column":28},"end":{"line":133,"column":3}}},"7":{"name":"(anonymous_7)","decl":{"start":{"line":135,"column":13},"end":{"line":135,"column":16}},"loc":{"start":{"line":135,"column":18},"end":{"line":154,"column":3}}},"8":{"name":"(anonymous_8)","decl":{"start":{"line":156,"column":12},"end":{"line":156,"column":13}},"loc":{"start":{"line":156,"column":35},"end":{"line":165,"column":3}}},"9":{"name":"(anonymous_9)","decl":{"start":{"line":158,"column":13},"end":{"line":158,"column":16}},"loc":{"start":{"line":158,"column":18},"end":{"line":160,"column":7}}},"10":{"name":"(anonymous_10)","decl":{"start":{"line":162,"column":11},"end":{"line":162,"column":14}},"loc":{"start":{"line":162,"column":16},"end":{"line":164,"column":5}}},"11":{"name":"(anonymous_11)","decl":{"start":{"line":167,"column":15},"end":{"line":167,"column":18}},"loc":{"start":{"line":167,"column":20},"end":{"line":172,"column":3}}},"12":{"name":"(anonymous_12)","decl":{"start":{"line":174,"column":21},"end":{"line":174,"column":22}},"loc":{"start":{"line":174,"column":62},"end":{"line":185,"column":3}}},"13":{"name":"(anonymous_13)","decl":{"start":{"line":187,"column":15},"end":{"line":187,"column":16}},"loc":{"start":{"line":187,"column":36},"end":{"line":191,"column":3}}},"14":{"name":"(anonymous_14)","decl":{"start":{"line":193,"column":11},"end":{"line":193,"column":12}},"loc":{"start":{"line":193,"column":52},"end":{"line":206,"column":3}}},"15":{"name":"(anonymous_15)","decl":{"start":{"line":200,"column":27},"end":{"line":200,"column":28}},"loc":{"start":{"line":200,"column":40},"end":{"line":202,"column":5}}},"16":{"name":"(anonymous_16)","decl":{"start":{"line":208,"column":12},"end":{"line":208,"column":13}},"loc":{"start":{"line":208,"column":34},"end":{"line":210,"column":3}}},"17":{"name":"(anonymous_17)","decl":{"start":{"line":208,"column":34},"end":{"line":208,"column":37}},"loc":{"start":{"line":208,"column":39},"end":{"line":210,"column":3}}},"18":{"name":"(anonymous_18)","decl":{"start":{"line":120,"column":2},"end":{"line":120,"column":13}},"loc":{"start":{"line":120,"column":33},"end":{"line":124,"column":3}}}},"branchMap":{"0":{"loc":{"start":{"line":93,"column":4},"end":{"line":95,"column":null}},"type":"if","locations":[{"start":{"line":93,"column":4},"end":{"line":95,"column":null}}]},"1":{"loc":{"start":{"line":96,"column":4},"end":{"line":98,"column":null}},"type":"if","locations":[{"start":{"line":96,"column":4},"end":{"line":98,"column":null}}]},"2":{"loc":{"start":{"line":96,"column":8},"end":{"line":96,"column":58}},"type":"binary-expr","locations":[{"start":{"line":96,"column":8},"end":{"line":96,"column":31}},{"start":{"line":96,"column":35},"end":{"line":96,"column":58}}]},"3":{"loc":{"start":{"line":100,"column":4},"end":{"line":110,"column":null}},"type":"if","locations":[{"start":{"line":100,"column":4},"end":{"line":110,"column":null}}]},"4":{"loc":{"start":{"line":127,"column":4},"end":{"line":132,"column":null}},"type":"if","locations":[{"start":{"line":127,"column":4},"end":{"line":132,"column":null}},{"start":{"line":130,"column":11},"end":{"line":132,"column":null}}]},"5":{"loc":{"start":{"line":144,"column":31},"end":{"line":150,"column":11}},"type":"cond-expr","locations":[{"start":{"line":145,"column":8},"end":{"line":148,"column":null}},{"start":{"line":150,"column":8},"end":{"line":150,"column":11}}]},"6":{"loc":{"start":{"line":157,"column":4},"end":{"line":161,"column":null}},"type":"if","locations":[{"start":{"line":157,"column":4},"end":{"line":161,"column":null}}]},"7":{"loc":{"start":{"line":169,"column":4},"end":{"line":171,"column":null}},"type":"if","locations":[{"start":{"line":169,"column":4},"end":{"line":171,"column":null}}]},"8":{"loc":{"start":{"line":178,"column":4},"end":{"line":181,"column":null}},"type":"if","locations":[{"start":{"line":178,"column":4},"end":{"line":181,"column":null}}]},"9":{"loc":{"start":{"line":194,"column":4},"end":{"line":198,"column":null}},"type":"if","locations":[{"start":{"line":194,"column":4},"end":{"line":198,"column":null}},{"start":{"line":196,"column":11},"end":{"line":198,"column":null}}]}},"s":{"0":23,"1":23,"2":23,"3":23,"4":23,"5":23,"6":23,"7":23,"8":23,"9":23,"10":23,"11":23,"12":23,"13":23,"14":16,"15":23,"16":31,"17":31,"18":31,"19":31,"20":31,"21":31,"22":31,"23":31,"24":31,"25":31,"26":31,"27":1,"28":31,"29":1,"30":31,"31":31,"32":31,"33":31,"34":31,"35":31,"36":31,"37":31,"38":31,"39":31,"40":31,"41":221,"42":23,"43":33,"44":33,"45":33,"46":33,"47":23,"48":41,"49":30,"50":30,"51":11,"52":23,"53":41,"54":41,"55":41,"56":41,"57":41,"58":23,"59":59,"60":33,"61":1,"62":26,"63":1,"64":23,"65":32,"66":32,"67":25,"68":23,"69":3,"70":3,"71":3,"72":3,"73":3,"74":3,"75":3,"76":3,"77":3,"78":23,"79":2,"80":2,"81":2,"82":23,"83":6,"84":5,"85":1,"86":6,"87":6,"88":1,"89":6,"90":6,"91":23,"92":224,"93":3,"94":23,"95":23,"96":23,"97":23,"98":23,"99":23,"100":23,"101":23,"102":31,"103":31,"104":31,"105":2},"f":{"0":23,"1":16,"2":31,"3":1,"4":1,"5":33,"6":41,"7":41,"8":59,"9":1,"10":1,"11":32,"12":3,"13":2,"14":6,"15":1,"16":224,"17":3,"18":31},"b":{"0":[31],"1":[31],"2":[31,31],"3":[31],"4":[30,11],"5":[34,7],"6":[33],"7":[25],"8":[3],"9":[5,1]}}
,"E:\\slider-plugin\\src\\range-slider\\View\\subView\\barView\\barView.ts": {"path":"E:\\slider-plugin\\src\\range-slider\\View\\subView\\barView\\barView.ts","statementMap":{"0":{"start":{"line":2,"column":2},"end":{"line":2,"column":null}},"1":{"start":{"line":5,"column":4},"end":{"line":5,"column":45}},"2":{"start":{"line":6,"column":4},"end":{"line":6,"column":57}},"3":{"start":{"line":7,"column":4},"end":{"line":7,"column":28}},"4":{"start":{"line":11,"column":4},"end":{"line":11,"column":47}},"5":{"start":{"line":15,"column":4},"end":{"line":21,"column":null}},"6":{"start":{"line":16,"column":6},"end":{"line":16,"column":42}},"7":{"start":{"line":17,"column":6},"end":{"line":17,"column":62}},"8":{"start":{"line":19,"column":6},"end":{"line":19,"column":38}},"9":{"start":{"line":20,"column":6},"end":{"line":20,"column":49}},"10":{"start":{"line":25,"column":4},"end":{"line":25,"column":38}},"11":{"start":{"line":29,"column":0},"end":{"line":29,"column":23}}},"fnMap":{"0":{"name":"(anonymous_0)","decl":{"start":{"line":1,"column":0},"end":{"line":1,"column":6}},"loc":{"start":{"line":1,"column":0},"end":{"line":27,"column":1}}},"1":{"name":"(anonymous_1)","decl":{"start":{"line":4,"column":2},"end":{"line":4,"column":19}},"loc":{"start":{"line":4,"column":39},"end":{"line":8,"column":3}}},"2":{"name":"(anonymous_2)","decl":{"start":{"line":10,"column":2},"end":{"line":10,"column":13}},"loc":{"start":{"line":10,"column":53},"end":{"line":12,"column":3}}},"3":{"name":"(anonymous_3)","decl":{"start":{"line":14,"column":2},"end":{"line":14,"column":12}},"loc":{"start":{"line":14,"column":70},"end":{"line":22,"column":3}}},"4":{"name":"(anonymous_4)","decl":{"start":{"line":24,"column":2},"end":{"line":24,"column":16}},"loc":{"start":{"line":24,"column":30},"end":{"line":26,"column":3}}}},"branchMap":{"0":{"loc":{"start":{"line":15,"column":4},"end":{"line":21,"column":null}},"type":"if","locations":[{"start":{"line":15,"column":4},"end":{"line":21,"column":null}},{"start":{"line":18,"column":11},"end":{"line":21,"column":null}}]},"1":{"loc":{"start":{"line":17,"column":39},"end":{"line":17,"column":57}},"type":"binary-expr","locations":[{"start":{"line":17,"column":39},"end":{"line":17,"column":52}},{"start":{"line":17,"column":56},"end":{"line":17,"column":57}}]}},"s":{"0":29,"1":37,"2":37,"3":37,"4":82,"5":45,"6":34,"7":34,"8":11,"9":11,"10":32,"11":3},"f":{"0":29,"1":37,"2":82,"3":45,"4":32},"b":{"0":[34,11],"1":[34,2]}}
,"E:\\slider-plugin\\src\\range-slider\\View\\subView\\formView\\formView.ts": {"path":"E:\\slider-plugin\\src\\range-slider\\View\\subView\\formView\\formView.ts","statementMap":{"0":{"start":{"line":2,"column":2},"end":{"line":2,"column":null}},"1":{"start":{"line":4,"column":2},"end":{"line":4,"column":null}},"2":{"start":{"line":6,"column":2},"end":{"line":6,"column":null}},"3":{"start":{"line":9,"column":4},"end":{"line":9,"column":28}},"4":{"start":{"line":10,"column":4},"end":{"line":10,"column":31}},"5":{"start":{"line":11,"column":4},"end":{"line":11,"column":31}},"6":{"start":{"line":12,"column":4},"end":{"line":12,"column":31}},"7":{"start":{"line":16,"column":4},"end":{"line":16,"column":64}},"8":{"start":{"line":17,"column":4},"end":{"line":17,"column":53}},"9":{"start":{"line":18,"column":4},"end":{"line":18,"column":32}},"10":{"start":{"line":22,"column":4},"end":{"line":39,"column":null}},"11":{"start":{"line":23,"column":6},"end":{"line":23,"column":51}},"12":{"start":{"line":24,"column":6},"end":{"line":24,"column":32}},"13":{"start":{"line":25,"column":6},"end":{"line":25,"column":54}},"14":{"start":{"line":26,"column":6},"end":{"line":26,"column":60}},"15":{"start":{"line":27,"column":6},"end":{"line":27,"column":38}},"16":{"start":{"line":29,"column":6},"end":{"line":29,"column":57}},"17":{"start":{"line":30,"column":6},"end":{"line":30,"column":38}},"18":{"start":{"line":31,"column":6},"end":{"line":31,"column":60}},"19":{"start":{"line":32,"column":6},"end":{"line":32,"column":67}},"20":{"start":{"line":33,"column":6},"end":{"line":33,"column":44}},"21":{"start":{"line":35,"column":6},"end":{"line":35,"column":51}},"22":{"start":{"line":36,"column":6},"end":{"line":36,"column":32}},"23":{"start":{"line":37,"column":6},"end":{"line":37,"column":54}},"24":{"start":{"line":38,"column":6},"end":{"line":38,"column":38}},"25":{"start":{"line":43,"column":4},"end":{"line":43,"column":37}},"26":{"start":{"line":44,"column":4},"end":{"line":46,"column":null}},"27":{"start":{"line":45,"column":6},"end":{"line":45,"column":51}},"28":{"start":{"line":50,"column":4},"end":{"line":50,"column":33}},"29":{"start":{"line":51,"column":4},"end":{"line":53,"column":null}},"30":{"start":{"line":52,"column":6},"end":{"line":52,"column":41}},"31":{"start":{"line":57,"column":4},"end":{"line":57,"column":33}},"32":{"start":{"line":58,"column":4},"end":{"line":60,"column":null}},"33":{"start":{"line":59,"column":6},"end":{"line":59,"column":41}},"34":{"start":{"line":64,"column":0},"end":{"line":64,"column":24}}},"fnMap":{"0":{"name":"(anonymous_0)","decl":{"start":{"line":1,"column":0},"end":{"line":1,"column":6}},"loc":{"start":{"line":1,"column":0},"end":{"line":62,"column":1}}},"1":{"name":"(anonymous_1)","decl":{"start":{"line":8,"column":2},"end":{"line":8,"column":6}},"loc":{"start":{"line":8,"column":71},"end":{"line":13,"column":3}}},"2":{"name":"(anonymous_2)","decl":{"start":{"line":15,"column":2},"end":{"line":15,"column":12}},"loc":{"start":{"line":15,"column":32},"end":{"line":19,"column":3}}},"3":{"name":"(anonymous_3)","decl":{"start":{"line":21,"column":2},"end":{"line":21,"column":13}},"loc":{"start":{"line":21,"column":31},"end":{"line":40,"column":3}}},"4":{"name":"(anonymous_4)","decl":{"start":{"line":42,"column":2},"end":{"line":42,"column":11}},"loc":{"start":{"line":42,"column":66},"end":{"line":47,"column":3}}},"5":{"name":"(anonymous_5)","decl":{"start":{"line":49,"column":2},"end":{"line":49,"column":8}},"loc":{"start":{"line":49,"column":37},"end":{"line":54,"column":3}}},"6":{"name":"(anonymous_6)","decl":{"start":{"line":56,"column":2},"end":{"line":56,"column":8}},"loc":{"start":{"line":56,"column":39},"end":{"line":61,"column":3}}}},"branchMap":{"0":{"loc":{"start":{"line":22,"column":4},"end":{"line":39,"column":null}},"type":"if","locations":[{"start":{"line":22,"column":4},"end":{"line":39,"column":null}},{"start":{"line":34,"column":11},"end":{"line":39,"column":null}}]},"1":{"loc":{"start":{"line":44,"column":4},"end":{"line":46,"column":null}},"type":"if","locations":[{"start":{"line":44,"column":4},"end":{"line":46,"column":null}}]},"2":{"loc":{"start":{"line":44,"column":8},"end":{"line":44,"column":36}},"type":"binary-expr","locations":[{"start":{"line":44,"column":8},"end":{"line":44,"column":16}},{"start":{"line":44,"column":20},"end":{"line":44,"column":36}}]},"3":{"loc":{"start":{"line":49,"column":28},"end":{"line":49,"column":37}},"type":"default-arg","locations":[{"start":{"line":49,"column":34},"end":{"line":49,"column":37}}]},"4":{"loc":{"start":{"line":51,"column":4},"end":{"line":53,"column":null}},"type":"if","locations":[{"start":{"line":51,"column":4},"end":{"line":53,"column":null}}]},"5":{"loc":{"start":{"line":58,"column":4},"end":{"line":60,"column":null}},"type":"if","locations":[{"start":{"line":58,"column":4},"end":{"line":60,"column":null}}]}},"s":{"0":26,"1":26,"2":26,"3":34,"4":34,"5":34,"6":34,"7":34,"8":34,"9":34,"10":42,"11":32,"12":32,"13":32,"14":32,"15":32,"16":32,"17":32,"18":32,"19":32,"20":32,"21":10,"22":10,"23":10,"24":10,"25":42,"26":42,"27":31,"28":36,"29":36,"30":29,"31":36,"32":36,"33":29,"34":3},"f":{"0":26,"1":34,"2":34,"3":42,"4":42,"5":36,"6":36},"b":{"0":[32,10],"1":[31],"2":[42,31],"3":[1],"4":[29],"5":[29]}}
,"E:\\slider-plugin\\src\\range-slider\\View\\subView\\stepView\\stepView.ts": {"path":"E:\\slider-plugin\\src\\range-slider\\View\\subView\\stepView\\stepView.ts","statementMap":{"0":{"start":{"line":2,"column":2},"end":{"line":2,"column":null}},"1":{"start":{"line":5,"column":4},"end":{"line":5,"column":52}},"2":{"start":{"line":6,"column":4},"end":{"line":6,"column":33}},"3":{"start":{"line":7,"column":4},"end":{"line":7,"column":29}},"4":{"start":{"line":11,"column":33},"end":{"line":11,"column":43}},"5":{"start":{"line":12,"column":36},"end":{"line":12,"column":75}},"6":{"start":{"line":13,"column":4},"end":{"line":17,"column":null}},"7":{"start":{"line":14,"column":6},"end":{"line":14,"column":58}},"8":{"start":{"line":16,"column":6},"end":{"line":16,"column":38}},"9":{"start":{"line":21,"column":0},"end":{"line":21,"column":24}}},"fnMap":{"0":{"name":"(anonymous_0)","decl":{"start":{"line":1,"column":0},"end":{"line":1,"column":6}},"loc":{"start":{"line":1,"column":0},"end":{"line":19,"column":1}}},"1":{"name":"(anonymous_1)","decl":{"start":{"line":4,"column":2},"end":{"line":4,"column":12}},"loc":{"start":{"line":4,"column":12},"end":{"line":8,"column":3}}},"2":{"name":"(anonymous_2)","decl":{"start":{"line":10,"column":2},"end":{"line":10,"column":29}},"loc":{"start":{"line":10,"column":55},"end":{"line":18,"column":3}}}},"branchMap":{"0":{"loc":{"start":{"line":13,"column":4},"end":{"line":17,"column":null}},"type":"if","locations":[{"start":{"line":13,"column":4},"end":{"line":17,"column":null}},{"start":{"line":15,"column":11},"end":{"line":17,"column":null}}]},"1":{"loc":{"start":{"line":13,"column":8},"end":{"line":13,"column":70}},"type":"binary-expr","locations":[{"start":{"line":13,"column":8},"end":{"line":13,"column":37}},{"start":{"line":13,"column":41},"end":{"line":13,"column":70}}]}},"s":{"0":12,"1":2,"2":2,"3":2,"4":2,"5":2,"6":2,"7":1,"8":1,"9":2},"f":{"0":12,"1":2,"2":2},"b":{"0":[1,1],"1":[2,2]}}
,"E:\\slider-plugin\\src\\range-slider\\View\\subView\\thumbView\\thumbView.ts": {"path":"E:\\slider-plugin\\src\\range-slider\\View\\subView\\thumbView\\thumbView.ts","statementMap":{"0":{"start":{"line":2,"column":2},"end":{"line":2,"column":null}},"1":{"start":{"line":4,"column":2},"end":{"line":4,"column":null}},"2":{"start":{"line":6,"column":2},"end":{"line":6,"column":null}},"3":{"start":{"line":8,"column":2},"end":{"line":8,"column":null}},"4":{"start":{"line":12,"column":4},"end":{"line":12,"column":39}},"5":{"start":{"line":13,"column":4},"end":{"line":16,"column":null}},"6":{"start":{"line":14,"column":6},"end":{"line":14,"column":58}},"7":{"start":{"line":15,"column":6},"end":{"line":15,"column":65}},"8":{"start":{"line":20,"column":4},"end":{"line":20,"column":52}},"9":{"start":{"line":21,"column":4},"end":{"line":21,"column":54}},"10":{"start":{"line":22,"column":4},"end":{"line":22,"column":35}},"11":{"start":{"line":24,"column":4},"end":{"line":30,"column":null}},"12":{"start":{"line":25,"column":6},"end":{"line":25,"column":65}},"13":{"start":{"line":26,"column":6},"end":{"line":26,"column":55}},"14":{"start":{"line":27,"column":6},"end":{"line":27,"column":60}},"15":{"start":{"line":28,"column":6},"end":{"line":28,"column":67}},"16":{"start":{"line":29,"column":6},"end":{"line":29,"column":38}},"17":{"start":{"line":34,"column":4},"end":{"line":34,"column":50}},"18":{"start":{"line":35,"column":4},"end":{"line":35,"column":58}},"19":{"start":{"line":36,"column":4},"end":{"line":36,"column":35}},"20":{"start":{"line":37,"column":4},"end":{"line":41,"column":null}},"21":{"start":{"line":38,"column":6},"end":{"line":38,"column":58}},"22":{"start":{"line":39,"column":6},"end":{"line":39,"column":66}},"23":{"start":{"line":40,"column":6},"end":{"line":40,"column":53}},"24":{"start":{"line":45,"column":4},"end":{"line":50,"column":null}},"25":{"start":{"line":46,"column":6},"end":{"line":46,"column":68}},"26":{"start":{"line":47,"column":6},"end":{"line":49,"column":null}},"27":{"start":{"line":48,"column":8},"end":{"line":48,"column":83}},"28":{"start":{"line":54,"column":4},"end":{"line":54,"column":47}},"29":{"start":{"line":55,"column":4},"end":{"line":57,"column":null}},"30":{"start":{"line":56,"column":6},"end":{"line":56,"column":70}},"31":{"start":{"line":61,"column":30},"end":{"line":61,"column":61}},"32":{"start":{"line":62,"column":4},"end":{"line":62,"column":53}},"33":{"start":{"line":63,"column":4},"end":{"line":65,"column":null}},"34":{"start":{"line":64,"column":6},"end":{"line":64,"column":61}},"35":{"start":{"line":69,"column":4},"end":{"line":69,"column":45}},"36":{"start":{"line":70,"column":4},"end":{"line":72,"column":null}},"37":{"start":{"line":71,"column":6},"end":{"line":71,"column":48}},"38":{"start":{"line":76,"column":4},"end":{"line":78,"column":null}},"39":{"start":{"line":77,"column":6},"end":{"line":77,"column":52}},"40":{"start":{"line":79,"column":4},"end":{"line":81,"column":null}},"41":{"start":{"line":80,"column":6},"end":{"line":80,"column":58}},"42":{"start":{"line":85,"column":0},"end":{"line":85,"column":25}}},"fnMap":{"0":{"name":"(anonymous_0)","decl":{"start":{"line":1,"column":0},"end":{"line":1,"column":6}},"loc":{"start":{"line":1,"column":0},"end":{"line":83,"column":1}}},"1":{"name":"(anonymous_1)","decl":{"start":{"line":10,"column":2},"end":{"line":10,"column":6}},"loc":{"start":{"line":11,"column":24},"end":{"line":17,"column":3}}},"2":{"name":"(anonymous_2)","decl":{"start":{"line":19,"column":2},"end":{"line":19,"column":13}},"loc":{"start":{"line":19,"column":52},"end":{"line":31,"column":3}}},"3":{"name":"(anonymous_3)","decl":{"start":{"line":33,"column":2},"end":{"line":33,"column":21}},"loc":{"start":{"line":33,"column":60},"end":{"line":42,"column":3}}},"4":{"name":"(anonymous_4)","decl":{"start":{"line":44,"column":2},"end":{"line":44,"column":18}},"loc":{"start":{"line":44,"column":77},"end":{"line":51,"column":3}}},"5":{"name":"(anonymous_5)","decl":{"start":{"line":53,"column":2},"end":{"line":53,"column":12}},"loc":{"start":{"line":53,"column":71},"end":{"line":58,"column":3}}},"6":{"name":"(anonymous_6)","decl":{"start":{"line":60,"column":2},"end":{"line":60,"column":14}},"loc":{"start":{"line":60,"column":14},"end":{"line":66,"column":3}}},"7":{"name":"(anonymous_7)","decl":{"start":{"line":68,"column":2},"end":{"line":68,"column":18}},"loc":{"start":{"line":68,"column":51},"end":{"line":73,"column":3}}},"8":{"name":"(anonymous_8)","decl":{"start":{"line":75,"column":2},"end":{"line":75,"column":19}},"loc":{"start":{"line":75,"column":52},"end":{"line":82,"column":3}}}},"branchMap":{"0":{"loc":{"start":{"line":13,"column":4},"end":{"line":16,"column":null}},"type":"if","locations":[{"start":{"line":13,"column":4},"end":{"line":16,"column":null}}]},"1":{"loc":{"start":{"line":24,"column":4},"end":{"line":30,"column":null}},"type":"if","locations":[{"start":{"line":24,"column":4},"end":{"line":30,"column":null}}]},"2":{"loc":{"start":{"line":37,"column":4},"end":{"line":41,"column":null}},"type":"if","locations":[{"start":{"line":37,"column":4},"end":{"line":41,"column":null}}]},"3":{"loc":{"start":{"line":45,"column":4},"end":{"line":50,"column":null}},"type":"if","locations":[{"start":{"line":45,"column":4},"end":{"line":50,"column":null}}]},"4":{"loc":{"start":{"line":47,"column":6},"end":{"line":49,"column":null}},"type":"if","locations":[{"start":{"line":47,"column":6},"end":{"line":49,"column":null}}]},"5":{"loc":{"start":{"line":55,"column":4},"end":{"line":57,"column":null}},"type":"if","locations":[{"start":{"line":55,"column":4},"end":{"line":57,"column":null}}]},"6":{"loc":{"start":{"line":56,"column":47},"end":{"line":56,"column":65}},"type":"binary-expr","locations":[{"start":{"line":56,"column":47},"end":{"line":56,"column":60}},{"start":{"line":56,"column":64},"end":{"line":56,"column":65}}]},"7":{"loc":{"start":{"line":63,"column":4},"end":{"line":65,"column":null}},"type":"if","locations":[{"start":{"line":63,"column":4},"end":{"line":65,"column":null}}]},"8":{"loc":{"start":{"line":70,"column":4},"end":{"line":72,"column":null}},"type":"if","locations":[{"start":{"line":70,"column":4},"end":{"line":72,"column":null}}]},"9":{"loc":{"start":{"line":76,"column":4},"end":{"line":78,"column":null}},"type":"if","locations":[{"start":{"line":76,"column":4},"end":{"line":78,"column":null}}]},"10":{"loc":{"start":{"line":79,"column":4},"end":{"line":81,"column":null}},"type":"if","locations":[{"start":{"line":79,"column":4},"end":{"line":81,"column":null}}]},"11":{"loc":{"start":{"line":79,"column":8},"end":{"line":79,"column":41}},"type":"binary-expr","locations":[{"start":{"line":79,"column":8},"end":{"line":79,"column":16}},{"start":{"line":79,"column":20},"end":{"line":79,"column":41}}]}},"s":{"0":27,"1":27,"2":27,"3":27,"4":35,"5":35,"6":35,"7":35,"8":35,"9":35,"10":35,"11":35,"12":29,"13":29,"14":29,"15":29,"16":29,"17":35,"18":35,"19":35,"20":35,"21":29,"22":29,"23":29,"24":43,"25":43,"26":43,"27":32,"28":44,"29":44,"30":33,"31":31,"32":31,"33":31,"34":25,"35":33,"36":33,"37":26,"38":33,"39":33,"40":33,"41":26,"42":3},"f":{"0":27,"1":35,"2":35,"3":35,"4":43,"5":44,"6":31,"7":33,"8":33},"b":{"0":[35],"1":[29],"2":[29],"3":[43],"4":[32],"5":[33],"6":[33,2],"7":[25],"8":[26],"9":[33],"10":[26],"11":[33,26]}}
,"E:\\slider-plugin\\src\\range-slider\\View\\subView\\ticksView\\ticksView.ts": {"path":"E:\\slider-plugin\\src\\range-slider\\View\\subView\\ticksView\\ticksView.ts","statementMap":{"0":{"start":{"line":2,"column":2},"end":{"line":28,"column":null}},"1":{"start":{"line":3,"column":25},"end":{"line":3,"column":54}},"2":{"start":{"line":4,"column":4},"end":{"line":4,"column":54}},"3":{"start":{"line":6,"column":19},"end":{"line":6,"column":21}},"4":{"start":{"line":7,"column":4},"end":{"line":23,"column":null}},"5":{"start":{"line":7,"column":17},"end":{"line":7,"column":18}},"6":{"start":{"line":8,"column":39},"end":{"line":8,"column":68}},"7":{"start":{"line":9,"column":6},"end":{"line":9,"column":51}},"8":{"start":{"line":11,"column":28},"end":{"line":11,"column":42}},"9":{"start":{"line":12,"column":6},"end":{"line":12,"column":50}},"10":{"start":{"line":13,"column":6},"end":{"line":13,"column":36}},"11":{"start":{"line":15,"column":18},"end":{"line":15,"column":32}},"12":{"start":{"line":16,"column":18},"end":{"line":16,"column":53}},"13":{"start":{"line":17,"column":30},"end":{"line":17,"column":77}},"14":{"start":{"line":18,"column":6},"end":{"line":18,"column":42}},"15":{"start":{"line":20,"column":6},"end":{"line":20,"column":48}},"16":{"start":{"line":22,"column":6},"end":{"line":22,"column":64}},"17":{"start":{"line":24,"column":4},"end":{"line":27,"column":6}},"18":{"start":{"line":30,"column":2},"end":{"line":30,"column":null}},"19":{"start":{"line":30,"column":51},"end":{"line":30,"column":99}},"20":{"start":{"line":33,"column":0},"end":{"line":33,"column":25}}},"fnMap":{"0":{"name":"(anonymous_0)","decl":{"start":{"line":1,"column":0},"end":{"line":1,"column":6}},"loc":{"start":{"line":1,"column":0},"end":{"line":31,"column":1}}},"1":{"name":"(anonymous_1)","decl":{"start":{"line":2,"column":16},"end":{"line":2,"column":17}},"loc":{"start":{"line":2,"column":62},"end":{"line":28,"column":3}}},"2":{"name":"(anonymous_2)","decl":{"start":{"line":30,"column":15},"end":{"line":30,"column":16}},"loc":{"start":{"line":30,"column":51},"end":{"line":30,"column":99}}}},"branchMap":{},"s":{"0":25,"1":32,"2":32,"3":32,"4":32,"5":32,"6":226,"7":226,"8":226,"9":226,"10":226,"11":226,"12":226,"13":226,"14":226,"15":226,"16":226,"17":32,"18":25,"19":227,"20":3},"f":{"0":25,"1":32,"2":227},"b":{}}
}
