{"E:\\slider-plugin\\src\\range-slider\\Model\\Model.ts": {"path":"E:\\slider-plugin\\src\\range-slider\\Model\\Model.ts","statementMap":{"0":{"start":{"line":2,"column":0},"end":{"line":2,"column":64}},"1":{"start":{"line":5,"column":2},"end":{"line":5,"column":null}},"2":{"start":{"line":7,"column":2},"end":{"line":7,"column":null}},"3":{"start":{"line":9,"column":2},"end":{"line":9,"column":null}},"4":{"start":{"line":11,"column":2},"end":{"line":11,"column":null}},"5":{"start":{"line":13,"column":2},"end":{"line":13,"column":null}},"6":{"start":{"line":15,"column":2},"end":{"line":15,"column":null}},"7":{"start":{"line":17,"column":2},"end":{"line":17,"column":null}},"8":{"start":{"line":19,"column":2},"end":{"line":19,"column":null}},"9":{"start":{"line":21,"column":2},"end":{"line":21,"column":null}},"10":{"start":{"line":23,"column":2},"end":{"line":23,"column":null}},"11":{"start":{"line":25,"column":2},"end":{"line":25,"column":null}},"12":{"start":{"line":27,"column":2},"end":{"line":27,"column":null}},"13":{"start":{"line":29,"column":2},"end":{"line":29,"column":null}},"14":{"start":{"line":31,"column":2},"end":{"line":31,"column":null}},"15":{"start":{"line":33,"column":2},"end":{"line":33,"column":null}},"16":{"start":{"line":35,"column":2},"end":{"line":35,"column":null}},"17":{"start":{"line":37,"column":2},"end":{"line":37,"column":null}},"18":{"start":{"line":40,"column":4},"end":{"line":40,"column":68}},"19":{"start":{"line":41,"column":4},"end":{"line":41,"column":40}},"20":{"start":{"line":42,"column":4},"end":{"line":42,"column":37}},"21":{"start":{"line":43,"column":4},"end":{"line":43,"column":94}},"22":{"start":{"line":44,"column":4},"end":{"line":44,"column":91}},"23":{"start":{"line":45,"column":4},"end":{"line":45,"column":54}},"24":{"start":{"line":46,"column":4},"end":{"line":46,"column":50}},"25":{"start":{"line":47,"column":4},"end":{"line":47,"column":50}},"26":{"start":{"line":48,"column":4},"end":{"line":48,"column":48}},"27":{"start":{"line":49,"column":4},"end":{"line":49,"column":26}},"28":{"start":{"line":50,"column":4},"end":{"line":50,"column":92}},"29":{"start":{"line":51,"column":4},"end":{"line":51,"column":97}},"30":{"start":{"line":52,"column":4},"end":{"line":52,"column":56}},"31":{"start":{"line":53,"column":4},"end":{"line":53,"column":24}},"32":{"start":{"line":54,"column":4},"end":{"line":54,"column":35}},"33":{"start":{"line":56,"column":4},"end":{"line":69,"column":6}},"34":{"start":{"line":73,"column":4},"end":{"line":73,"column":20}},"35":{"start":{"line":74,"column":4},"end":{"line":74,"column":57}},"36":{"start":{"line":75,"column":4},"end":{"line":75,"column":27}},"37":{"start":{"line":79,"column":4},"end":{"line":85,"column":null}},"38":{"start":{"line":80,"column":6},"end":{"line":80,"column":42}},"39":{"start":{"line":83,"column":6},"end":{"line":83,"column":40}},"40":{"start":{"line":89,"column":4},"end":{"line":91,"column":7}},"41":{"start":{"line":90,"column":6},"end":{"line":90,"column":28}},"42":{"start":{"line":95,"column":4},"end":{"line":95,"column":30}},"43":{"start":{"line":99,"column":4},"end":{"line":99,"column":29}},"44":{"start":{"line":104,"column":23},"end":{"line":104,"column":51}},"45":{"start":{"line":105,"column":32},"end":{"line":105,"column":62}},"46":{"start":{"line":106,"column":4},"end":{"line":108,"column":null}},"47":{"start":{"line":107,"column":6},"end":{"line":107,"column":31}},"48":{"start":{"line":109,"column":4},"end":{"line":109,"column":22}},"49":{"start":{"line":113,"column":4},"end":{"line":115,"column":null}},"50":{"start":{"line":114,"column":6},"end":{"line":114,"column":15}},"51":{"start":{"line":116,"column":34},"end":{"line":116,"column":36}},"52":{"start":{"line":117,"column":4},"end":{"line":119,"column":null}},"53":{"start":{"line":118,"column":6},"end":{"line":118,"column":25}},"54":{"start":{"line":120,"column":4},"end":{"line":120,"column":23}},"55":{"start":{"line":124,"column":22},"end":{"line":124,"column":92}},"56":{"start":{"line":125,"column":4},"end":{"line":129,"column":null}},"57":{"start":{"line":126,"column":6},"end":{"line":126,"column":42}},"58":{"start":{"line":128,"column":6},"end":{"line":128,"column":29}},"59":{"start":{"line":133,"column":21},"end":{"line":133,"column":47}},"60":{"start":{"line":134,"column":4},"end":{"line":148,"column":null}},"61":{"start":{"line":135,"column":6},"end":{"line":141,"column":null}},"62":{"start":{"line":136,"column":8},"end":{"line":136,"column":39}},"63":{"start":{"line":138,"column":30},"end":{"line":138,"column":79}},"64":{"start":{"line":139,"column":8},"end":{"line":139,"column":36}},"65":{"start":{"line":140,"column":8},"end":{"line":140,"column":31}},"66":{"start":{"line":142,"column":11},"end":{"line":148,"column":null}},"67":{"start":{"line":143,"column":6},"end":{"line":143,"column":36}},"68":{"start":{"line":145,"column":28},"end":{"line":145,"column":77}},"69":{"start":{"line":146,"column":6},"end":{"line":146,"column":33}},"70":{"start":{"line":147,"column":6},"end":{"line":147,"column":29}},"71":{"start":{"line":152,"column":0},"end":{"line":152,"column":21}}},"fnMap":{"0":{"name":"(anonymous_0)","decl":{"start":{"line":39,"column":2},"end":{"line":39,"column":14}},"loc":{"start":{"line":39,"column":30},"end":{"line":70,"column":3}}},"1":{"name":"(anonymous_1)","decl":{"start":{"line":72,"column":2},"end":{"line":72,"column":6}},"loc":{"start":{"line":72,"column":6},"end":{"line":76,"column":3}}},"2":{"name":"(anonymous_2)","decl":{"start":{"line":78,"column":2},"end":{"line":78,"column":8}},"loc":{"start":{"line":78,"column":43},"end":{"line":86,"column":3}}},"3":{"name":"(anonymous_3)","decl":{"start":{"line":88,"column":10},"end":{"line":88,"column":25}},"loc":{"start":{"line":88,"column":25},"end":{"line":92,"column":3}}},"4":{"name":"(anonymous_4)","decl":{"start":{"line":89,"column":27},"end":{"line":89,"column":28}},"loc":{"start":{"line":89,"column":40},"end":{"line":91,"column":5}}},"5":{"name":"(anonymous_5)","decl":{"start":{"line":94,"column":10},"end":{"line":94,"column":25}},"loc":{"start":{"line":94,"column":39},"end":{"line":96,"column":3}}},"6":{"name":"(anonymous_6)","decl":{"start":{"line":98,"column":10},"end":{"line":98,"column":24}},"loc":{"start":{"line":98,"column":38},"end":{"line":100,"column":3}}},"7":{"name":"(anonymous_7)","decl":{"start":{"line":103,"column":10},"end":{"line":103,"column":44}},"loc":{"start":{"line":103,"column":102},"end":{"line":110,"column":3}}},"8":{"name":"(anonymous_8)","decl":{"start":{"line":112,"column":2},"end":{"line":112,"column":10}},"loc":{"start":{"line":112,"column":87},"end":{"line":121,"column":3}}},"9":{"name":"(anonymous_9)","decl":{"start":{"line":123,"column":10},"end":{"line":123,"column":21}},"loc":{"start":{"line":123,"column":58},"end":{"line":130,"column":3}}},"10":{"name":"(anonymous_10)","decl":{"start":{"line":132,"column":10},"end":{"line":132,"column":19}},"loc":{"start":{"line":132,"column":56},"end":{"line":149,"column":3}}}},"branchMap":{"0":{"loc":{"start":{"line":40,"column":22},"end":{"line":40,"column":66}},"type":"cond-expr","locations":[{"start":{"line":40,"column":42},"end":{"line":40,"column":43}},{"start":{"line":40,"column":47},"end":{"line":40,"column":65}}]},"1":{"loc":{"start":{"line":40,"column":47},"end":{"line":40,"column":65}},"type":"binary-expr","locations":[{"start":{"line":40,"column":47},"end":{"line":40,"column":58}},{"start":{"line":40,"column":62},"end":{"line":40,"column":65}}]},"2":{"loc":{"start":{"line":41,"column":22},"end":{"line":41,"column":38}},"type":"binary-expr","locations":[{"start":{"line":41,"column":22},"end":{"line":41,"column":33}},{"start":{"line":41,"column":37},"end":{"line":41,"column":38}}]},"3":{"loc":{"start":{"line":43,"column":31},"end":{"line":43,"column":92}},"type":"cond-expr","locations":[{"start":{"line":43,"column":60},"end":{"line":43,"column":61}},{"start":{"line":43,"column":65},"end":{"line":43,"column":91}}]},"4":{"loc":{"start":{"line":43,"column":65},"end":{"line":43,"column":91}},"type":"binary-expr","locations":[{"start":{"line":43,"column":65},"end":{"line":43,"column":85}},{"start":{"line":43,"column":89},"end":{"line":43,"column":91}}]},"5":{"loc":{"start":{"line":44,"column":30},"end":{"line":44,"column":89}},"type":"cond-expr","locations":[{"start":{"line":44,"column":58},"end":{"line":44,"column":59}},{"start":{"line":44,"column":63},"end":{"line":44,"column":88}}]},"6":{"loc":{"start":{"line":44,"column":63},"end":{"line":44,"column":88}},"type":"binary-expr","locations":[{"start":{"line":44,"column":63},"end":{"line":44,"column":82}},{"start":{"line":44,"column":86},"end":{"line":44,"column":88}}]},"7":{"loc":{"start":{"line":45,"column":24},"end":{"line":45,"column":53}},"type":"binary-expr","locations":[{"start":{"line":45,"column":24},"end":{"line":45,"column":44}},{"start":{"line":45,"column":48},"end":{"line":45,"column":53}}]},"8":{"loc":{"start":{"line":46,"column":22},"end":{"line":46,"column":49}},"type":"binary-expr","locations":[{"start":{"line":46,"column":22},"end":{"line":46,"column":40}},{"start":{"line":46,"column":44},"end":{"line":46,"column":49}}]},"9":{"loc":{"start":{"line":47,"column":22},"end":{"line":47,"column":49}},"type":"binary-expr","locations":[{"start":{"line":47,"column":22},"end":{"line":47,"column":40}},{"start":{"line":47,"column":44},"end":{"line":47,"column":49}}]},"10":{"loc":{"start":{"line":48,"column":21},"end":{"line":48,"column":47}},"type":"binary-expr","locations":[{"start":{"line":48,"column":21},"end":{"line":48,"column":38}},{"start":{"line":48,"column":42},"end":{"line":48,"column":47}}]},"11":{"loc":{"start":{"line":50,"column":20},"end":{"line":50,"column":91}},"type":"binary-expr","locations":[{"start":{"line":50,"column":20},"end":{"line":50,"column":36}},{"start":{"line":50,"column":40},"end":{"line":50,"column":91}}]},"12":{"loc":{"start":{"line":51,"column":22},"end":{"line":51,"column":96}},"type":"binary-expr","locations":[{"start":{"line":51,"column":22},"end":{"line":51,"column":40}},{"start":{"line":51,"column":44},"end":{"line":51,"column":96}}]},"13":{"loc":{"start":{"line":52,"column":23},"end":{"line":52,"column":55}},"type":"binary-expr","locations":[{"start":{"line":52,"column":23},"end":{"line":52,"column":42}},{"start":{"line":52,"column":46},"end":{"line":52,"column":55}}]},"14":{"loc":{"start":{"line":79,"column":4},"end":{"line":85,"column":null}},"type":"if","locations":[{"start":{"line":79,"column":4},"end":{"line":85,"column":null}},{"start":{"line":82,"column":11},"end":{"line":85,"column":null}}]},"15":{"loc":{"start":{"line":103,"column":63},"end":{"line":103,"column":102}},"type":"default-arg","locations":[{"start":{"line":103,"column":78},"end":{"line":103,"column":102}}]},"16":{"loc":{"start":{"line":106,"column":4},"end":{"line":108,"column":null}},"type":"if","locations":[{"start":{"line":106,"column":4},"end":{"line":108,"column":null}}]},"17":{"loc":{"start":{"line":112,"column":11},"end":{"line":112,"column":50}},"type":"default-arg","locations":[{"start":{"line":112,"column":26},"end":{"line":112,"column":50}}]},"18":{"loc":{"start":{"line":112,"column":52},"end":{"line":112,"column":87}},"type":"default-arg","locations":[{"start":{"line":112,"column":73},"end":{"line":112,"column":87}}]},"19":{"loc":{"start":{"line":113,"column":4},"end":{"line":115,"column":null}},"type":"if","locations":[{"start":{"line":113,"column":4},"end":{"line":115,"column":null}}]},"20":{"loc":{"start":{"line":117,"column":4},"end":{"line":119,"column":null}},"type":"if","locations":[{"start":{"line":117,"column":4},"end":{"line":119,"column":null}}]},"21":{"loc":{"start":{"line":124,"column":22},"end":{"line":124,"column":92}},"type":"cond-expr","locations":[{"start":{"line":124,"column":34},"end":{"line":124,"column":61}},{"start":{"line":124,"column":64},"end":{"line":124,"column":92}}]},"22":{"loc":{"start":{"line":125,"column":4},"end":{"line":129,"column":null}},"type":"if","locations":[{"start":{"line":125,"column":4},"end":{"line":129,"column":null}},{"start":{"line":127,"column":11},"end":{"line":129,"column":null}}]},"23":{"loc":{"start":{"line":134,"column":4},"end":{"line":148,"column":null}},"type":"if","locations":[{"start":{"line":134,"column":4},"end":{"line":148,"column":null}},{"start":{"line":142,"column":11},"end":{"line":148,"column":null}}]},"24":{"loc":{"start":{"line":135,"column":6},"end":{"line":141,"column":null}},"type":"if","locations":[{"start":{"line":135,"column":6},"end":{"line":141,"column":null}},{"start":{"line":137,"column":13},"end":{"line":141,"column":null}}]},"25":{"loc":{"start":{"line":142,"column":11},"end":{"line":148,"column":null}},"type":"if","locations":[{"start":{"line":142,"column":11},"end":{"line":148,"column":null}},{"start":{"line":144,"column":11},"end":{"line":148,"column":null}}]}},"s":{"0":2,"1":40,"2":40,"3":40,"4":40,"5":40,"6":40,"7":40,"8":40,"9":40,"10":40,"11":40,"12":40,"13":40,"14":40,"15":40,"16":40,"17":40,"18":40,"19":40,"20":40,"21":40,"22":40,"23":40,"24":40,"25":40,"26":40,"27":40,"28":40,"29":40,"30":40,"31":40,"32":40,"33":40,"34":12,"35":12,"36":12,"37":5,"38":4,"39":1,"40":14,"41":0,"42":8,"43":3,"44":3,"45":3,"46":3,"47":1,"48":2,"49":16,"50":2,"51":16,"52":16,"53":1,"54":15,"55":5,"56":5,"57":3,"58":2,"59":10,"60":10,"61":8,"62":7,"63":1,"64":0,"65":0,"66":2,"67":2,"68":0,"69":0,"70":0,"71":2},"f":{"0":40,"1":12,"2":5,"3":14,"4":0,"5":8,"6":3,"7":3,"8":16,"9":5,"10":10},"b":{"0":[0,40],"1":[40,0],"2":[40,40],"3":[0,40],"4":[40,0],"5":[0,40],"6":[40,0],"7":[40,0],"8":[40,0],"9":[40,0],"10":[40,0],"11":[40,0],"12":[40,0],"13":[40,0],"14":[4,1],"15":[1],"16":[1],"17":[12],"18":[12],"19":[2],"20":[1],"21":[3,2],"22":[3,2],"23":[8,2],"24":[7,1],"25":[2,0]}}
,"E:\\slider-plugin\\src\\range-slider\\Observer\\Observer.ts": {"path":"E:\\slider-plugin\\src\\range-slider\\Observer\\Observer.ts","statementMap":{"0":{"start":{"line":11,"column":2},"end":{"line":11,"column":null}},"1":{"start":{"line":13,"column":2},"end":{"line":13,"column":null}},"2":{"start":{"line":24,"column":2},"end":{"line":26,"column":null}},"3":{"start":{"line":25,"column":4},"end":{"line":25,"column":40}},"4":{"start":{"line":28,"column":2},"end":{"line":30,"column":null}},"5":{"start":{"line":29,"column":4},"end":{"line":29,"column":41}},"6":{"start":{"line":16,"column":4},"end":{"line":16,"column":30}},"7":{"start":{"line":17,"column":4},"end":{"line":17,"column":31}},"8":{"start":{"line":33,"column":9},"end":{"line":33,"column":17}}},"fnMap":{"0":{"name":"(anonymous_0)","decl":{"start":{"line":15,"column":2},"end":{"line":15,"column":null}},"loc":{"start":{"line":15,"column":2},"end":{"line":18,"column":3}}},"1":{"name":"(anonymous_1)","decl":{"start":{"line":24,"column":20},"end":{"line":24,"column":21}},"loc":{"start":{"line":24,"column":54},"end":{"line":26,"column":3}}},"2":{"name":"(anonymous_2)","decl":{"start":{"line":28,"column":21},"end":{"line":28,"column":22}},"loc":{"start":{"line":28,"column":56},"end":{"line":30,"column":3}}},"3":{"name":"(anonymous_3)","decl":{"start":{"line":20,"column":2},"end":{"line":20,"column":13}},"loc":{"start":{"line":20,"column":43},"end":{"line":20,"column":53}}},"4":{"name":"(anonymous_4)","decl":{"start":{"line":22,"column":2},"end":{"line":22,"column":12}},"loc":{"start":{"line":22,"column":12},"end":{"line":22,"column":23}}}},"branchMap":{},"s":{"0":64,"1":64,"2":64,"3":26,"4":64,"5":13,"6":64,"7":64,"8":4},"f":{"0":64,"1":26,"2":13,"3":0,"4":0},"b":{}}
,"E:\\slider-plugin\\src\\range-slider\\Presenter\\Presenter.ts": {"path":"E:\\slider-plugin\\src\\range-slider\\Presenter\\Presenter.ts","statementMap":{"0":{"start":{"line":5,"column":2},"end":{"line":5,"column":null}},"1":{"start":{"line":7,"column":2},"end":{"line":7,"column":null}},"2":{"start":{"line":10,"column":4},"end":{"line":10,"column":21}},"3":{"start":{"line":11,"column":4},"end":{"line":11,"column":23}},"4":{"start":{"line":12,"column":4},"end":{"line":12,"column":16}},"5":{"start":{"line":16,"column":4},"end":{"line":16,"column":21}},"6":{"start":{"line":17,"column":4},"end":{"line":17,"column":22}},"7":{"start":{"line":18,"column":4},"end":{"line":18,"column":50}},"8":{"start":{"line":22,"column":4},"end":{"line":22,"column":40}},"9":{"start":{"line":26,"column":4},"end":{"line":26,"column":61}},"10":{"start":{"line":27,"column":4},"end":{"line":27,"column":59}},"11":{"start":{"line":28,"column":4},"end":{"line":28,"column":25}},"12":{"start":{"line":32,"column":0},"end":{"line":32,"column":25}}},"fnMap":{"0":{"name":"(anonymous_0)","decl":{"start":{"line":9,"column":2},"end":{"line":9,"column":14}},"loc":{"start":{"line":9,"column":38},"end":{"line":13,"column":3}}},"1":{"name":"(anonymous_1)","decl":{"start":{"line":15,"column":2},"end":{"line":15,"column":6}},"loc":{"start":{"line":15,"column":6},"end":{"line":19,"column":3}}},"2":{"name":"(anonymous_2)","decl":{"start":{"line":21,"column":2},"end":{"line":21,"column":13}},"loc":{"start":{"line":21,"column":47},"end":{"line":23,"column":3}}},"3":{"name":"(anonymous_3)","decl":{"start":{"line":25,"column":2},"end":{"line":25,"column":12}},"loc":{"start":{"line":25,"column":12},"end":{"line":29,"column":3}}}},"branchMap":{},"s":{"0":8,"1":8,"2":8,"3":8,"4":8,"5":11,"6":11,"7":11,"8":2,"9":3,"10":3,"11":3,"12":1},"f":{"0":8,"1":11,"2":2,"3":3},"b":{}}
,"E:\\slider-plugin\\src\\range-slider\\View\\View.ts": {"path":"E:\\slider-plugin\\src\\range-slider\\View\\View.ts","statementMap":{"0":{"start":{"line":1,"column":0},"end":{"line":1,"column":48}},"1":{"start":{"line":2,"column":0},"end":{"line":2,"column":51}},"2":{"start":{"line":3,"column":0},"end":{"line":3,"column":54}},"3":{"start":{"line":4,"column":0},"end":{"line":4,"column":54}},"4":{"start":{"line":6,"column":0},"end":{"line":6,"column":63}},"5":{"start":{"line":11,"column":2},"end":{"line":11,"column":null}},"6":{"start":{"line":13,"column":2},"end":{"line":13,"column":null}},"7":{"start":{"line":15,"column":2},"end":{"line":15,"column":null}},"8":{"start":{"line":17,"column":2},"end":{"line":17,"column":null}},"9":{"start":{"line":19,"column":2},"end":{"line":19,"column":null}},"10":{"start":{"line":21,"column":2},"end":{"line":21,"column":null}},"11":{"start":{"line":23,"column":2},"end":{"line":23,"column":null}},"12":{"start":{"line":25,"column":2},"end":{"line":25,"column":null}},"13":{"start":{"line":27,"column":2},"end":{"line":27,"column":null}},"14":{"start":{"line":29,"column":2},"end":{"line":29,"column":null}},"15":{"start":{"line":31,"column":2},"end":{"line":31,"column":null}},"16":{"start":{"line":33,"column":2},"end":{"line":33,"column":null}},"17":{"start":{"line":35,"column":2},"end":{"line":35,"column":null}},"18":{"start":{"line":37,"column":2},"end":{"line":37,"column":null}},"19":{"start":{"line":39,"column":2},"end":{"line":39,"column":null}},"20":{"start":{"line":53,"column":2},"end":{"line":122,"column":null}},"21":{"start":{"line":54,"column":4},"end":{"line":54,"column":25}},"22":{"start":{"line":56,"column":4},"end":{"line":56,"column":55}},"23":{"start":{"line":58,"column":4},"end":{"line":63,"column":6}},"24":{"start":{"line":65,"column":4},"end":{"line":65,"column":35}},"25":{"start":{"line":66,"column":4},"end":{"line":66,"column":43}},"26":{"start":{"line":67,"column":4},"end":{"line":67,"column":51}},"27":{"start":{"line":68,"column":4},"end":{"line":74,"column":6}},"28":{"start":{"line":76,"column":4},"end":{"line":76,"column":84}},"29":{"start":{"line":77,"column":4},"end":{"line":77,"column":86}},"30":{"start":{"line":79,"column":4},"end":{"line":79,"column":20}},"31":{"start":{"line":80,"column":4},"end":{"line":80,"column":22}},"32":{"start":{"line":81,"column":4},"end":{"line":83,"column":6}},"33":{"start":{"line":82,"column":6},"end":{"line":82,"column":28}},"34":{"start":{"line":84,"column":4},"end":{"line":86,"column":6}},"35":{"start":{"line":85,"column":6},"end":{"line":85,"column":28}},"36":{"start":{"line":88,"column":4},"end":{"line":88,"column":19}},"37":{"start":{"line":90,"column":4},"end":{"line":92,"column":null}},"38":{"start":{"line":91,"column":6},"end":{"line":91,"column":58}},"39":{"start":{"line":94,"column":27},"end":{"line":94,"column":77}},"40":{"start":{"line":96,"column":4},"end":{"line":98,"column":null}},"41":{"start":{"line":97,"column":6},"end":{"line":97,"column":32}},"42":{"start":{"line":100,"column":4},"end":{"line":117,"column":null}},"43":{"start":{"line":101,"column":26},"end":{"line":101,"column":42}},"44":{"start":{"line":102,"column":20},"end":{"line":102,"column":40}},"45":{"start":{"line":103,"column":28},"end":{"line":103,"column":30}},"46":{"start":{"line":104,"column":6},"end":{"line":106,"column":null}},"47":{"start":{"line":104,"column":19},"end":{"line":104,"column":35}},"48":{"start":{"line":105,"column":8},"end":{"line":105,"column":20}},"49":{"start":{"line":108,"column":20},"end":{"line":108,"column":73}},"50":{"start":{"line":109,"column":31},"end":{"line":109,"column":36}},"51":{"start":{"line":110,"column":26},"end":{"line":110,"column":38}},"52":{"start":{"line":112,"column":6},"end":{"line":112,"column":40}},"53":{"start":{"line":114,"column":6},"end":{"line":116,"column":null}},"54":{"start":{"line":114,"column":19},"end":{"line":114,"column":20}},"55":{"start":{"line":115,"column":8},"end":{"line":115,"column":93}},"56":{"start":{"line":118,"column":4},"end":{"line":118,"column":36}},"57":{"start":{"line":119,"column":4},"end":{"line":119,"column":50}},"58":{"start":{"line":120,"column":4},"end":{"line":120,"column":50}},"59":{"start":{"line":121,"column":4},"end":{"line":121,"column":47}},"60":{"start":{"line":124,"column":2},"end":{"line":129,"column":null}},"61":{"start":{"line":125,"column":4},"end":{"line":125,"column":49}},"62":{"start":{"line":126,"column":4},"end":{"line":126,"column":47}},"63":{"start":{"line":127,"column":4},"end":{"line":127,"column":30}},"64":{"start":{"line":128,"column":4},"end":{"line":128,"column":37}},"65":{"start":{"line":137,"column":2},"end":{"line":144,"column":null}},"66":{"start":{"line":138,"column":4},"end":{"line":143,"column":null}},"67":{"start":{"line":139,"column":6},"end":{"line":139,"column":82}},"68":{"start":{"line":140,"column":6},"end":{"line":140,"column":82}},"69":{"start":{"line":142,"column":6},"end":{"line":142,"column":84}},"70":{"start":{"line":167,"column":2},"end":{"line":186,"column":null}},"71":{"start":{"line":168,"column":4},"end":{"line":169,"column":32}},"72":{"start":{"line":170,"column":33},"end":{"line":173,"column":null}},"73":{"start":{"line":176,"column":31},"end":{"line":182,"column":11}},"74":{"start":{"line":184,"column":4},"end":{"line":184,"column":77}},"75":{"start":{"line":185,"column":4},"end":{"line":185,"column":79}},"76":{"start":{"line":188,"column":2},"end":{"line":197,"column":null}},"77":{"start":{"line":189,"column":4},"end":{"line":193,"column":null}},"78":{"start":{"line":190,"column":6},"end":{"line":192,"column":8}},"79":{"start":{"line":191,"column":8},"end":{"line":191,"column":57}},"80":{"start":{"line":194,"column":4},"end":{"line":196,"column":6}},"81":{"start":{"line":195,"column":6},"end":{"line":195,"column":66}},"82":{"start":{"line":199,"column":2},"end":{"line":204,"column":null}},"83":{"start":{"line":200,"column":4},"end":{"line":200,"column":66}},"84":{"start":{"line":201,"column":4},"end":{"line":203,"column":null}},"85":{"start":{"line":202,"column":6},"end":{"line":202,"column":75}},"86":{"start":{"line":206,"column":2},"end":{"line":217,"column":null}},"87":{"start":{"line":207,"column":25},"end":{"line":207,"column":37}},"88":{"start":{"line":208,"column":26},"end":{"line":208,"column":61}},"89":{"start":{"line":209,"column":34},"end":{"line":209,"column":63}},"90":{"start":{"line":210,"column":4},"end":{"line":213,"column":null}},"91":{"start":{"line":211,"column":6},"end":{"line":211,"column":53}},"92":{"start":{"line":212,"column":6},"end":{"line":212,"column":29}},"93":{"start":{"line":214,"column":28},"end":{"line":214,"column":60}},"94":{"start":{"line":215,"column":32},"end":{"line":215,"column":88}},"95":{"start":{"line":216,"column":4},"end":{"line":216,"column":23}},"96":{"start":{"line":219,"column":2},"end":{"line":223,"column":null}},"97":{"start":{"line":220,"column":28},"end":{"line":220,"column":62}},"98":{"start":{"line":221,"column":21},"end":{"line":221,"column":56}},"99":{"start":{"line":222,"column":4},"end":{"line":222,"column":29}},"100":{"start":{"line":225,"column":2},"end":{"line":238,"column":null}},"101":{"start":{"line":226,"column":4},"end":{"line":230,"column":null}},"102":{"start":{"line":227,"column":6},"end":{"line":227,"column":43}},"103":{"start":{"line":229,"column":6},"end":{"line":229,"column":42}},"104":{"start":{"line":231,"column":4},"end":{"line":231,"column":20}},"105":{"start":{"line":232,"column":4},"end":{"line":234,"column":7}},"106":{"start":{"line":233,"column":6},"end":{"line":233,"column":48}},"107":{"start":{"line":235,"column":4},"end":{"line":235,"column":30}},"108":{"start":{"line":236,"column":4},"end":{"line":237,"column":59}},"109":{"start":{"line":240,"column":2},"end":{"line":242,"column":null}},"110":{"start":{"line":240,"column":42},"end":{"line":242,"column":3}},"111":{"start":{"line":241,"column":4},"end":{"line":241,"column":32}},"112":{"start":{"line":42,"column":4},"end":{"line":42,"column":33}},"113":{"start":{"line":43,"column":4},"end":{"line":43,"column":29}},"114":{"start":{"line":44,"column":4},"end":{"line":44,"column":33}},"115":{"start":{"line":45,"column":4},"end":{"line":45,"column":31}},"116":{"start":{"line":46,"column":4},"end":{"line":46,"column":35}},"117":{"start":{"line":48,"column":4},"end":{"line":48,"column":25}},"118":{"start":{"line":49,"column":4},"end":{"line":49,"column":27}},"119":{"start":{"line":50,"column":4},"end":{"line":50,"column":24}},"120":{"start":{"line":132,"column":4},"end":{"line":132,"column":47}},"121":{"start":{"line":133,"column":4},"end":{"line":133,"column":52}},"122":{"start":{"line":134,"column":4},"end":{"line":134,"column":30}},"123":{"start":{"line":147,"column":4},"end":{"line":147,"column":68}},"124":{"start":{"line":148,"column":4},"end":{"line":150,"column":null}},"125":{"start":{"line":149,"column":6},"end":{"line":149,"column":76}},"126":{"start":{"line":152,"column":4},"end":{"line":157,"column":null}},"127":{"start":{"line":153,"column":6},"end":{"line":153,"column":54}},"128":{"start":{"line":154,"column":6},"end":{"line":156,"column":null}},"129":{"start":{"line":155,"column":8},"end":{"line":155,"column":62}},"130":{"start":{"line":159,"column":4},"end":{"line":164,"column":null}},"131":{"start":{"line":160,"column":6},"end":{"line":160,"column":54}},"132":{"start":{"line":161,"column":6},"end":{"line":163,"column":null}},"133":{"start":{"line":162,"column":8},"end":{"line":162,"column":62}},"134":{"start":{"line":245,"column":4},"end":{"line":253,"column":null}},"135":{"start":{"line":246,"column":6},"end":{"line":246,"column":49}},"136":{"start":{"line":247,"column":6},"end":{"line":247,"column":58}},"137":{"start":{"line":248,"column":6},"end":{"line":248,"column":116}},"138":{"start":{"line":249,"column":6},"end":{"line":249,"column":40}},"139":{"start":{"line":250,"column":6},"end":{"line":252,"column":null}},"140":{"start":{"line":251,"column":8},"end":{"line":251,"column":69}},"141":{"start":{"line":257,"column":4},"end":{"line":265,"column":null}},"142":{"start":{"line":258,"column":6},"end":{"line":258,"column":49}},"143":{"start":{"line":259,"column":6},"end":{"line":259,"column":65}},"144":{"start":{"line":260,"column":6},"end":{"line":260,"column":105}},"145":{"start":{"line":261,"column":6},"end":{"line":261,"column":40}},"146":{"start":{"line":262,"column":6},"end":{"line":264,"column":null}},"147":{"start":{"line":263,"column":8},"end":{"line":263,"column":76}},"148":{"start":{"line":266,"column":4},"end":{"line":276,"column":null}},"149":{"start":{"line":267,"column":6},"end":{"line":275,"column":null}},"150":{"start":{"line":268,"column":8},"end":{"line":268,"column":51}},"151":{"start":{"line":269,"column":8},"end":{"line":269,"column":66}},"152":{"start":{"line":270,"column":8},"end":{"line":270,"column":106}},"153":{"start":{"line":271,"column":8},"end":{"line":271,"column":42}},"154":{"start":{"line":272,"column":8},"end":{"line":274,"column":null}},"155":{"start":{"line":273,"column":10},"end":{"line":273,"column":77}},"156":{"start":{"line":280,"column":4},"end":{"line":288,"column":null}},"157":{"start":{"line":281,"column":6},"end":{"line":281,"column":49}},"158":{"start":{"line":282,"column":6},"end":{"line":282,"column":65}},"159":{"start":{"line":283,"column":6},"end":{"line":283,"column":103}},"160":{"start":{"line":284,"column":6},"end":{"line":284,"column":40}},"161":{"start":{"line":285,"column":6},"end":{"line":287,"column":null}},"162":{"start":{"line":286,"column":8},"end":{"line":286,"column":76}},"163":{"start":{"line":289,"column":4},"end":{"line":299,"column":null}},"164":{"start":{"line":290,"column":6},"end":{"line":298,"column":null}},"165":{"start":{"line":291,"column":8},"end":{"line":291,"column":51}},"166":{"start":{"line":292,"column":8},"end":{"line":292,"column":66}},"167":{"start":{"line":293,"column":8},"end":{"line":293,"column":104}},"168":{"start":{"line":294,"column":8},"end":{"line":294,"column":42}},"169":{"start":{"line":295,"column":8},"end":{"line":297,"column":null}},"170":{"start":{"line":296,"column":10},"end":{"line":296,"column":77}},"171":{"start":{"line":303,"column":4},"end":{"line":311,"column":null}},"172":{"start":{"line":304,"column":6},"end":{"line":304,"column":49}},"173":{"start":{"line":305,"column":6},"end":{"line":305,"column":64}},"174":{"start":{"line":306,"column":6},"end":{"line":306,"column":104}},"175":{"start":{"line":307,"column":6},"end":{"line":307,"column":40}},"176":{"start":{"line":308,"column":6},"end":{"line":310,"column":null}},"177":{"start":{"line":309,"column":8},"end":{"line":309,"column":75}},"178":{"start":{"line":315,"column":0},"end":{"line":315,"column":20}}},"fnMap":{"0":{"name":"(anonymous_1)","decl":{"start":{"line":41,"column":2},"end":{"line":41,"column":14}},"loc":{"start":{"line":41,"column":73},"end":{"line":51,"column":3}}},"1":{"name":"(anonymous_2)","decl":{"start":{"line":53,"column":9},"end":{"line":53,"column":12}},"loc":{"start":{"line":53,"column":14},"end":{"line":122,"column":3}}},"2":{"name":"(anonymous_3)","decl":{"start":{"line":81,"column":31},"end":{"line":81,"column":32}},"loc":{"start":{"line":81,"column":40},"end":{"line":83,"column":5}}},"3":{"name":"(anonymous_4)","decl":{"start":{"line":84,"column":29},"end":{"line":84,"column":30}},"loc":{"start":{"line":84,"column":38},"end":{"line":86,"column":5}}},"4":{"name":"(anonymous_5)","decl":{"start":{"line":124,"column":26},"end":{"line":124,"column":29}},"loc":{"start":{"line":124,"column":31},"end":{"line":129,"column":3}}},"5":{"name":"(anonymous_6)","decl":{"start":{"line":137,"column":31},"end":{"line":137,"column":34}},"loc":{"start":{"line":137,"column":36},"end":{"line":144,"column":3}}},"6":{"name":"(anonymous_7)","decl":{"start":{"line":167,"column":13},"end":{"line":167,"column":16}},"loc":{"start":{"line":167,"column":18},"end":{"line":186,"column":3}}},"7":{"name":"(anonymous_8)","decl":{"start":{"line":188,"column":20},"end":{"line":188,"column":21}},"loc":{"start":{"line":188,"column":43},"end":{"line":197,"column":3}}},"8":{"name":"(anonymous_9)","decl":{"start":{"line":190,"column":13},"end":{"line":190,"column":16}},"loc":{"start":{"line":190,"column":18},"end":{"line":192,"column":7}}},"9":{"name":"(anonymous_10)","decl":{"start":{"line":194,"column":11},"end":{"line":194,"column":14}},"loc":{"start":{"line":194,"column":16},"end":{"line":196,"column":5}}},"10":{"name":"(anonymous_11)","decl":{"start":{"line":199,"column":23},"end":{"line":199,"column":26}},"loc":{"start":{"line":199,"column":28},"end":{"line":204,"column":3}}},"11":{"name":"(anonymous_12)","decl":{"start":{"line":206,"column":29},"end":{"line":206,"column":30}},"loc":{"start":{"line":206,"column":70},"end":{"line":217,"column":3}}},"12":{"name":"(anonymous_13)","decl":{"start":{"line":219,"column":23},"end":{"line":219,"column":24}},"loc":{"start":{"line":219,"column":44},"end":{"line":223,"column":3}}},"13":{"name":"(anonymous_14)","decl":{"start":{"line":225,"column":19},"end":{"line":225,"column":20}},"loc":{"start":{"line":225,"column":60},"end":{"line":238,"column":3}}},"14":{"name":"(anonymous_15)","decl":{"start":{"line":232,"column":27},"end":{"line":232,"column":28}},"loc":{"start":{"line":232,"column":40},"end":{"line":234,"column":5}}},"15":{"name":"(anonymous_16)","decl":{"start":{"line":240,"column":20},"end":{"line":240,"column":21}},"loc":{"start":{"line":240,"column":42},"end":{"line":242,"column":3}}},"16":{"name":"(anonymous_17)","decl":{"start":{"line":240,"column":42},"end":{"line":240,"column":45}},"loc":{"start":{"line":240,"column":47},"end":{"line":242,"column":3}}},"17":{"name":"(anonymous_18)","decl":{"start":{"line":131,"column":10},"end":{"line":131,"column":21}},"loc":{"start":{"line":131,"column":41},"end":{"line":135,"column":3}}},"18":{"name":"(anonymous_19)","decl":{"start":{"line":146,"column":10},"end":{"line":146,"column":17}},"loc":{"start":{"line":146,"column":17},"end":{"line":165,"column":3}}},"19":{"name":"(anonymous_20)","decl":{"start":{"line":244,"column":10},"end":{"line":244,"column":34}},"loc":{"start":{"line":244,"column":34},"end":{"line":254,"column":3}}},"20":{"name":"(anonymous_21)","decl":{"start":{"line":256,"column":10},"end":{"line":256,"column":48}},"loc":{"start":{"line":256,"column":48},"end":{"line":277,"column":3}}},"21":{"name":"(anonymous_22)","decl":{"start":{"line":279,"column":10},"end":{"line":279,"column":48}},"loc":{"start":{"line":279,"column":48},"end":{"line":300,"column":3}}},"22":{"name":"(anonymous_23)","decl":{"start":{"line":302,"column":10},"end":{"line":302,"column":45}},"loc":{"start":{"line":302,"column":45},"end":{"line":312,"column":3}}}},"branchMap":{"0":{"loc":{"start":{"line":90,"column":4},"end":{"line":92,"column":null}},"type":"if","locations":[{"start":{"line":90,"column":4},"end":{"line":92,"column":null}}]},"1":{"loc":{"start":{"line":94,"column":27},"end":{"line":94,"column":77}},"type":"binary-expr","locations":[{"start":{"line":94,"column":27},"end":{"line":94,"column":50}},{"start":{"line":94,"column":54},"end":{"line":94,"column":77}}]},"2":{"loc":{"start":{"line":96,"column":4},"end":{"line":98,"column":null}},"type":"if","locations":[{"start":{"line":96,"column":4},"end":{"line":98,"column":null}}]},"3":{"loc":{"start":{"line":100,"column":4},"end":{"line":117,"column":null}},"type":"if","locations":[{"start":{"line":100,"column":4},"end":{"line":117,"column":null}}]},"4":{"loc":{"start":{"line":138,"column":4},"end":{"line":143,"column":null}},"type":"if","locations":[{"start":{"line":138,"column":4},"end":{"line":143,"column":null}},{"start":{"line":141,"column":11},"end":{"line":143,"column":null}}]},"5":{"loc":{"start":{"line":176,"column":31},"end":{"line":182,"column":11}},"type":"cond-expr","locations":[{"start":{"line":177,"column":8},"end":{"line":180,"column":null}},{"start":{"line":182,"column":8},"end":{"line":182,"column":11}}]},"6":{"loc":{"start":{"line":189,"column":4},"end":{"line":193,"column":null}},"type":"if","locations":[{"start":{"line":189,"column":4},"end":{"line":193,"column":null}}]},"7":{"loc":{"start":{"line":201,"column":4},"end":{"line":203,"column":null}},"type":"if","locations":[{"start":{"line":201,"column":4},"end":{"line":203,"column":null}}]},"8":{"loc":{"start":{"line":210,"column":4},"end":{"line":213,"column":null}},"type":"if","locations":[{"start":{"line":210,"column":4},"end":{"line":213,"column":null}}]},"9":{"loc":{"start":{"line":226,"column":4},"end":{"line":230,"column":null}},"type":"if","locations":[{"start":{"line":226,"column":4},"end":{"line":230,"column":null}},{"start":{"line":228,"column":11},"end":{"line":230,"column":null}}]},"10":{"loc":{"start":{"line":148,"column":4},"end":{"line":150,"column":null}},"type":"if","locations":[{"start":{"line":148,"column":4},"end":{"line":150,"column":null}}]},"11":{"loc":{"start":{"line":152,"column":4},"end":{"line":157,"column":null}},"type":"if","locations":[{"start":{"line":152,"column":4},"end":{"line":157,"column":null}}]},"12":{"loc":{"start":{"line":154,"column":6},"end":{"line":156,"column":null}},"type":"if","locations":[{"start":{"line":154,"column":6},"end":{"line":156,"column":null}}]},"13":{"loc":{"start":{"line":159,"column":4},"end":{"line":164,"column":null}},"type":"if","locations":[{"start":{"line":159,"column":4},"end":{"line":164,"column":null}}]},"14":{"loc":{"start":{"line":161,"column":6},"end":{"line":163,"column":null}},"type":"if","locations":[{"start":{"line":161,"column":6},"end":{"line":163,"column":null}}]},"15":{"loc":{"start":{"line":245,"column":4},"end":{"line":253,"column":null}},"type":"if","locations":[{"start":{"line":245,"column":4},"end":{"line":253,"column":null}}]},"16":{"loc":{"start":{"line":250,"column":6},"end":{"line":252,"column":null}},"type":"if","locations":[{"start":{"line":250,"column":6},"end":{"line":252,"column":null}}]},"17":{"loc":{"start":{"line":257,"column":4},"end":{"line":265,"column":null}},"type":"if","locations":[{"start":{"line":257,"column":4},"end":{"line":265,"column":null}}]},"18":{"loc":{"start":{"line":262,"column":6},"end":{"line":264,"column":null}},"type":"if","locations":[{"start":{"line":262,"column":6},"end":{"line":264,"column":null}}]},"19":{"loc":{"start":{"line":266,"column":4},"end":{"line":276,"column":null}},"type":"if","locations":[{"start":{"line":266,"column":4},"end":{"line":276,"column":null}}]},"20":{"loc":{"start":{"line":267,"column":6},"end":{"line":275,"column":null}},"type":"if","locations":[{"start":{"line":267,"column":6},"end":{"line":275,"column":null}}]},"21":{"loc":{"start":{"line":272,"column":8},"end":{"line":274,"column":null}},"type":"if","locations":[{"start":{"line":272,"column":8},"end":{"line":274,"column":null}}]},"22":{"loc":{"start":{"line":280,"column":4},"end":{"line":288,"column":null}},"type":"if","locations":[{"start":{"line":280,"column":4},"end":{"line":288,"column":null}}]},"23":{"loc":{"start":{"line":285,"column":6},"end":{"line":287,"column":null}},"type":"if","locations":[{"start":{"line":285,"column":6},"end":{"line":287,"column":null}}]},"24":{"loc":{"start":{"line":289,"column":4},"end":{"line":299,"column":null}},"type":"if","locations":[{"start":{"line":289,"column":4},"end":{"line":299,"column":null}}]},"25":{"loc":{"start":{"line":290,"column":6},"end":{"line":298,"column":null}},"type":"if","locations":[{"start":{"line":290,"column":6},"end":{"line":298,"column":null}}]},"26":{"loc":{"start":{"line":295,"column":8},"end":{"line":297,"column":null}},"type":"if","locations":[{"start":{"line":295,"column":8},"end":{"line":297,"column":null}}]},"27":{"loc":{"start":{"line":303,"column":4},"end":{"line":311,"column":null}},"type":"if","locations":[{"start":{"line":303,"column":4},"end":{"line":311,"column":null}}]},"28":{"loc":{"start":{"line":303,"column":8},"end":{"line":303,"column":89}},"type":"binary-expr","locations":[{"start":{"line":303,"column":8},"end":{"line":303,"column":33}},{"start":{"line":303,"column":37},"end":{"line":303,"column":89}}]},"29":{"loc":{"start":{"line":308,"column":6},"end":{"line":310,"column":null}},"type":"if","locations":[{"start":{"line":308,"column":6},"end":{"line":310,"column":null}}]}},"s":{"0":2,"1":2,"2":2,"3":2,"4":2,"5":22,"6":22,"7":22,"8":22,"9":22,"10":22,"11":22,"12":22,"13":22,"14":22,"15":22,"16":22,"17":22,"18":22,"19":22,"20":22,"21":25,"22":25,"23":25,"24":25,"25":25,"26":25,"27":25,"28":25,"29":25,"30":25,"31":25,"32":25,"33":0,"34":25,"35":0,"36":25,"37":25,"38":25,"39":25,"40":25,"41":25,"42":25,"43":25,"44":25,"45":25,"46":25,"47":25,"48":275,"49":25,"50":25,"51":25,"52":25,"53":25,"54":25,"55":275,"56":25,"57":25,"58":25,"59":25,"60":22,"61":25,"62":25,"63":25,"64":25,"65":22,"66":25,"67":19,"68":19,"69":6,"70":22,"71":28,"72":28,"73":28,"74":28,"75":28,"76":22,"77":44,"78":25,"79":0,"80":19,"81":0,"82":22,"83":25,"84":25,"85":19,"86":22,"87":0,"88":0,"89":0,"90":0,"91":0,"92":0,"93":0,"94":0,"95":0,"96":22,"97":0,"98":0,"99":0,"100":22,"101":0,"102":0,"103":0,"104":0,"105":0,"106":0,"107":0,"108":0,"109":22,"110":275,"111":0,"112":22,"113":22,"114":22,"115":22,"116":22,"117":22,"118":22,"119":22,"120":25,"121":25,"122":25,"123":25,"124":25,"125":19,"126":25,"127":0,"128":0,"129":0,"130":25,"131":0,"132":0,"133":0,"134":25,"135":0,"136":0,"137":0,"138":0,"139":0,"140":0,"141":25,"142":0,"143":0,"144":0,"145":0,"146":0,"147":0,"148":25,"149":19,"150":0,"151":0,"152":0,"153":0,"154":0,"155":0,"156":25,"157":1,"158":1,"159":1,"160":1,"161":1,"162":1,"163":25,"164":19,"165":0,"166":0,"167":0,"168":0,"169":0,"170":0,"171":25,"172":0,"173":0,"174":0,"175":0,"176":0,"177":0,"178":2},"f":{"0":22,"1":25,"2":0,"3":0,"4":25,"5":25,"6":28,"7":44,"8":0,"9":0,"10":25,"11":0,"12":0,"13":0,"14":0,"15":275,"16":0,"17":25,"18":25,"19":25,"20":25,"21":25,"22":25},"b":{"0":[25],"1":[25,25],"2":[25],"3":[25],"4":[19,6],"5":[22,6],"6":[25],"7":[19],"8":[0],"9":[0,0],"10":[19],"11":[0],"12":[0],"13":[0],"14":[0],"15":[0],"16":[0],"17":[0],"18":[0],"19":[19],"20":[0],"21":[0],"22":[1],"23":[1],"24":[19],"25":[0],"26":[0],"27":[0],"28":[25,19],"29":[0]}}
,"E:\\slider-plugin\\src\\range-slider\\View\\subView\\barView\\barView.ts": {"path":"E:\\slider-plugin\\src\\range-slider\\View\\subView\\barView\\barView.ts","statementMap":{"0":{"start":{"line":2,"column":2},"end":{"line":2,"column":null}},"1":{"start":{"line":5,"column":4},"end":{"line":5,"column":45}},"2":{"start":{"line":6,"column":4},"end":{"line":6,"column":57}},"3":{"start":{"line":7,"column":4},"end":{"line":7,"column":28}},"4":{"start":{"line":11,"column":4},"end":{"line":11,"column":47}},"5":{"start":{"line":15,"column":4},"end":{"line":21,"column":null}},"6":{"start":{"line":16,"column":6},"end":{"line":16,"column":42}},"7":{"start":{"line":17,"column":6},"end":{"line":17,"column":62}},"8":{"start":{"line":19,"column":6},"end":{"line":19,"column":38}},"9":{"start":{"line":20,"column":6},"end":{"line":20,"column":49}},"10":{"start":{"line":25,"column":4},"end":{"line":25,"column":38}},"11":{"start":{"line":29,"column":0},"end":{"line":29,"column":23}}},"fnMap":{"0":{"name":"(anonymous_0)","decl":{"start":{"line":1,"column":0},"end":{"line":1,"column":6}},"loc":{"start":{"line":1,"column":0},"end":{"line":27,"column":1}}},"1":{"name":"(anonymous_1)","decl":{"start":{"line":4,"column":2},"end":{"line":4,"column":19}},"loc":{"start":{"line":4,"column":39},"end":{"line":8,"column":3}}},"2":{"name":"(anonymous_2)","decl":{"start":{"line":10,"column":2},"end":{"line":10,"column":13}},"loc":{"start":{"line":10,"column":53},"end":{"line":12,"column":3}}},"3":{"name":"(anonymous_3)","decl":{"start":{"line":14,"column":2},"end":{"line":14,"column":12}},"loc":{"start":{"line":14,"column":70},"end":{"line":22,"column":3}}},"4":{"name":"(anonymous_4)","decl":{"start":{"line":24,"column":2},"end":{"line":24,"column":16}},"loc":{"start":{"line":24,"column":30},"end":{"line":26,"column":3}}}},"branchMap":{"0":{"loc":{"start":{"line":15,"column":4},"end":{"line":21,"column":null}},"type":"if","locations":[{"start":{"line":15,"column":4},"end":{"line":21,"column":null}},{"start":{"line":18,"column":11},"end":{"line":21,"column":null}}]},"1":{"loc":{"start":{"line":17,"column":39},"end":{"line":17,"column":57}},"type":"binary-expr","locations":[{"start":{"line":17,"column":39},"end":{"line":17,"column":52}},{"start":{"line":17,"column":56},"end":{"line":17,"column":57}}]}},"s":{"0":28,"1":31,"2":31,"3":31,"4":57,"5":32,"6":25,"7":25,"8":7,"9":7,"10":26,"11":3},"f":{"0":28,"1":31,"2":57,"3":32,"4":26},"b":{"0":[25,7],"1":[25,2]}}
,"E:\\slider-plugin\\src\\range-slider\\View\\subView\\formView\\formView.ts": {"path":"E:\\slider-plugin\\src\\range-slider\\View\\subView\\formView\\formView.ts","statementMap":{"0":{"start":{"line":2,"column":2},"end":{"line":2,"column":null}},"1":{"start":{"line":4,"column":2},"end":{"line":4,"column":null}},"2":{"start":{"line":6,"column":2},"end":{"line":6,"column":null}},"3":{"start":{"line":9,"column":4},"end":{"line":9,"column":28}},"4":{"start":{"line":10,"column":4},"end":{"line":10,"column":31}},"5":{"start":{"line":11,"column":4},"end":{"line":11,"column":31}},"6":{"start":{"line":12,"column":4},"end":{"line":12,"column":31}},"7":{"start":{"line":16,"column":4},"end":{"line":16,"column":64}},"8":{"start":{"line":17,"column":4},"end":{"line":17,"column":53}},"9":{"start":{"line":18,"column":4},"end":{"line":18,"column":32}},"10":{"start":{"line":22,"column":4},"end":{"line":39,"column":null}},"11":{"start":{"line":23,"column":6},"end":{"line":23,"column":51}},"12":{"start":{"line":24,"column":6},"end":{"line":24,"column":32}},"13":{"start":{"line":25,"column":6},"end":{"line":25,"column":54}},"14":{"start":{"line":26,"column":6},"end":{"line":26,"column":60}},"15":{"start":{"line":27,"column":6},"end":{"line":27,"column":38}},"16":{"start":{"line":29,"column":6},"end":{"line":29,"column":57}},"17":{"start":{"line":30,"column":6},"end":{"line":30,"column":38}},"18":{"start":{"line":31,"column":6},"end":{"line":31,"column":60}},"19":{"start":{"line":32,"column":6},"end":{"line":32,"column":67}},"20":{"start":{"line":33,"column":6},"end":{"line":33,"column":44}},"21":{"start":{"line":35,"column":6},"end":{"line":35,"column":51}},"22":{"start":{"line":36,"column":6},"end":{"line":36,"column":32}},"23":{"start":{"line":37,"column":6},"end":{"line":37,"column":54}},"24":{"start":{"line":38,"column":6},"end":{"line":38,"column":38}},"25":{"start":{"line":43,"column":4},"end":{"line":43,"column":37}},"26":{"start":{"line":44,"column":4},"end":{"line":46,"column":null}},"27":{"start":{"line":45,"column":6},"end":{"line":45,"column":51}},"28":{"start":{"line":50,"column":4},"end":{"line":50,"column":33}},"29":{"start":{"line":51,"column":4},"end":{"line":53,"column":null}},"30":{"start":{"line":52,"column":6},"end":{"line":52,"column":41}},"31":{"start":{"line":57,"column":4},"end":{"line":57,"column":33}},"32":{"start":{"line":58,"column":4},"end":{"line":60,"column":null}},"33":{"start":{"line":59,"column":6},"end":{"line":59,"column":41}},"34":{"start":{"line":63,"column":0},"end":{"line":63,"column":24}}},"fnMap":{"0":{"name":"(anonymous_0)","decl":{"start":{"line":1,"column":0},"end":{"line":1,"column":6}},"loc":{"start":{"line":1,"column":0},"end":{"line":62,"column":1}}},"1":{"name":"(anonymous_1)","decl":{"start":{"line":8,"column":2},"end":{"line":8,"column":6}},"loc":{"start":{"line":8,"column":71},"end":{"line":13,"column":3}}},"2":{"name":"(anonymous_2)","decl":{"start":{"line":15,"column":10},"end":{"line":15,"column":20}},"loc":{"start":{"line":15,"column":40},"end":{"line":19,"column":3}}},"3":{"name":"(anonymous_3)","decl":{"start":{"line":21,"column":10},"end":{"line":21,"column":21}},"loc":{"start":{"line":21,"column":39},"end":{"line":40,"column":3}}},"4":{"name":"(anonymous_4)","decl":{"start":{"line":42,"column":2},"end":{"line":42,"column":11}},"loc":{"start":{"line":42,"column":66},"end":{"line":47,"column":3}}},"5":{"name":"(anonymous_5)","decl":{"start":{"line":49,"column":10},"end":{"line":49,"column":16}},"loc":{"start":{"line":49,"column":45},"end":{"line":54,"column":3}}},"6":{"name":"(anonymous_6)","decl":{"start":{"line":56,"column":10},"end":{"line":56,"column":16}},"loc":{"start":{"line":56,"column":47},"end":{"line":61,"column":3}}}},"branchMap":{"0":{"loc":{"start":{"line":22,"column":4},"end":{"line":39,"column":null}},"type":"if","locations":[{"start":{"line":22,"column":4},"end":{"line":39,"column":null}},{"start":{"line":34,"column":11},"end":{"line":39,"column":null}}]},"1":{"loc":{"start":{"line":44,"column":4},"end":{"line":46,"column":null}},"type":"if","locations":[{"start":{"line":44,"column":4},"end":{"line":46,"column":null}}]},"2":{"loc":{"start":{"line":44,"column":8},"end":{"line":44,"column":36}},"type":"binary-expr","locations":[{"start":{"line":44,"column":8},"end":{"line":44,"column":16}},{"start":{"line":44,"column":20},"end":{"line":44,"column":36}}]},"3":{"loc":{"start":{"line":49,"column":36},"end":{"line":49,"column":45}},"type":"default-arg","locations":[{"start":{"line":49,"column":42},"end":{"line":49,"column":45}}]},"4":{"loc":{"start":{"line":51,"column":4},"end":{"line":53,"column":null}},"type":"if","locations":[{"start":{"line":51,"column":4},"end":{"line":53,"column":null}}]},"5":{"loc":{"start":{"line":58,"column":4},"end":{"line":60,"column":null}},"type":"if","locations":[{"start":{"line":58,"column":4},"end":{"line":60,"column":null}}]}},"s":{"0":29,"1":29,"2":29,"3":28,"4":28,"5":28,"6":28,"7":30,"8":30,"9":30,"10":33,"11":25,"12":25,"13":25,"14":25,"15":25,"16":24,"17":24,"18":24,"19":24,"20":24,"21":8,"22":8,"23":8,"24":8,"25":29,"26":29,"27":22,"28":30,"29":30,"30":23,"31":30,"32":30,"33":23,"34":3},"f":{"0":29,"1":28,"2":30,"3":33,"4":29,"5":30,"6":30},"b":{"0":[25,8],"1":[22],"2":[29,22],"3":[1],"4":[23],"5":[23]}}
,"E:\\slider-plugin\\src\\range-slider\\View\\subView\\thumbView\\thumbView.ts": {"path":"E:\\slider-plugin\\src\\range-slider\\View\\subView\\thumbView\\thumbView.ts","statementMap":{"0":{"start":{"line":2,"column":2},"end":{"line":2,"column":null}},"1":{"start":{"line":4,"column":2},"end":{"line":4,"column":null}},"2":{"start":{"line":6,"column":2},"end":{"line":6,"column":null}},"3":{"start":{"line":8,"column":2},"end":{"line":8,"column":null}},"4":{"start":{"line":12,"column":4},"end":{"line":12,"column":39}},"5":{"start":{"line":13,"column":4},"end":{"line":16,"column":null}},"6":{"start":{"line":14,"column":6},"end":{"line":14,"column":58}},"7":{"start":{"line":15,"column":6},"end":{"line":15,"column":65}},"8":{"start":{"line":20,"column":4},"end":{"line":20,"column":52}},"9":{"start":{"line":21,"column":4},"end":{"line":21,"column":54}},"10":{"start":{"line":22,"column":4},"end":{"line":22,"column":35}},"11":{"start":{"line":24,"column":4},"end":{"line":30,"column":null}},"12":{"start":{"line":25,"column":6},"end":{"line":25,"column":65}},"13":{"start":{"line":26,"column":6},"end":{"line":26,"column":55}},"14":{"start":{"line":27,"column":6},"end":{"line":27,"column":60}},"15":{"start":{"line":28,"column":6},"end":{"line":28,"column":67}},"16":{"start":{"line":29,"column":6},"end":{"line":29,"column":38}},"17":{"start":{"line":34,"column":4},"end":{"line":34,"column":50}},"18":{"start":{"line":35,"column":4},"end":{"line":35,"column":58}},"19":{"start":{"line":36,"column":4},"end":{"line":36,"column":35}},"20":{"start":{"line":37,"column":4},"end":{"line":41,"column":null}},"21":{"start":{"line":38,"column":6},"end":{"line":38,"column":58}},"22":{"start":{"line":39,"column":6},"end":{"line":39,"column":66}},"23":{"start":{"line":40,"column":6},"end":{"line":40,"column":53}},"24":{"start":{"line":45,"column":4},"end":{"line":50,"column":null}},"25":{"start":{"line":46,"column":6},"end":{"line":46,"column":68}},"26":{"start":{"line":47,"column":6},"end":{"line":49,"column":null}},"27":{"start":{"line":48,"column":8},"end":{"line":48,"column":83}},"28":{"start":{"line":54,"column":4},"end":{"line":54,"column":47}},"29":{"start":{"line":55,"column":4},"end":{"line":57,"column":null}},"30":{"start":{"line":56,"column":6},"end":{"line":56,"column":70}},"31":{"start":{"line":61,"column":30},"end":{"line":61,"column":61}},"32":{"start":{"line":62,"column":4},"end":{"line":62,"column":53}},"33":{"start":{"line":63,"column":4},"end":{"line":65,"column":null}},"34":{"start":{"line":64,"column":6},"end":{"line":64,"column":61}},"35":{"start":{"line":69,"column":4},"end":{"line":69,"column":45}},"36":{"start":{"line":70,"column":4},"end":{"line":72,"column":null}},"37":{"start":{"line":71,"column":6},"end":{"line":71,"column":48}},"38":{"start":{"line":76,"column":25},"end":{"line":76,"column":58}},"39":{"start":{"line":77,"column":4},"end":{"line":79,"column":null}},"40":{"start":{"line":78,"column":6},"end":{"line":78,"column":52}},"41":{"start":{"line":80,"column":4},"end":{"line":82,"column":null}},"42":{"start":{"line":81,"column":6},"end":{"line":81,"column":58}},"43":{"start":{"line":86,"column":0},"end":{"line":86,"column":25}}},"fnMap":{"0":{"name":"(anonymous_0)","decl":{"start":{"line":1,"column":0},"end":{"line":1,"column":6}},"loc":{"start":{"line":1,"column":0},"end":{"line":84,"column":1}}},"1":{"name":"(anonymous_1)","decl":{"start":{"line":10,"column":2},"end":{"line":10,"column":6}},"loc":{"start":{"line":11,"column":24},"end":{"line":17,"column":3}}},"2":{"name":"(anonymous_2)","decl":{"start":{"line":19,"column":10},"end":{"line":19,"column":21}},"loc":{"start":{"line":19,"column":60},"end":{"line":31,"column":3}}},"3":{"name":"(anonymous_3)","decl":{"start":{"line":33,"column":10},"end":{"line":33,"column":29}},"loc":{"start":{"line":33,"column":68},"end":{"line":42,"column":3}}},"4":{"name":"(anonymous_4)","decl":{"start":{"line":44,"column":2},"end":{"line":44,"column":18}},"loc":{"start":{"line":44,"column":77},"end":{"line":51,"column":3}}},"5":{"name":"(anonymous_5)","decl":{"start":{"line":53,"column":2},"end":{"line":53,"column":12}},"loc":{"start":{"line":53,"column":71},"end":{"line":58,"column":3}}},"6":{"name":"(anonymous_6)","decl":{"start":{"line":60,"column":2},"end":{"line":60,"column":14}},"loc":{"start":{"line":60,"column":14},"end":{"line":66,"column":3}}},"7":{"name":"(anonymous_7)","decl":{"start":{"line":68,"column":2},"end":{"line":68,"column":18}},"loc":{"start":{"line":68,"column":51},"end":{"line":73,"column":3}}},"8":{"name":"(anonymous_8)","decl":{"start":{"line":75,"column":2},"end":{"line":75,"column":19}},"loc":{"start":{"line":75,"column":52},"end":{"line":83,"column":3}}}},"branchMap":{"0":{"loc":{"start":{"line":13,"column":4},"end":{"line":16,"column":null}},"type":"if","locations":[{"start":{"line":13,"column":4},"end":{"line":16,"column":null}}]},"1":{"loc":{"start":{"line":24,"column":4},"end":{"line":30,"column":null}},"type":"if","locations":[{"start":{"line":24,"column":4},"end":{"line":30,"column":null}}]},"2":{"loc":{"start":{"line":37,"column":4},"end":{"line":41,"column":null}},"type":"if","locations":[{"start":{"line":37,"column":4},"end":{"line":41,"column":null}}]},"3":{"loc":{"start":{"line":45,"column":4},"end":{"line":50,"column":null}},"type":"if","locations":[{"start":{"line":45,"column":4},"end":{"line":50,"column":null}}]},"4":{"loc":{"start":{"line":47,"column":6},"end":{"line":49,"column":null}},"type":"if","locations":[{"start":{"line":47,"column":6},"end":{"line":49,"column":null}}]},"5":{"loc":{"start":{"line":55,"column":4},"end":{"line":57,"column":null}},"type":"if","locations":[{"start":{"line":55,"column":4},"end":{"line":57,"column":null}}]},"6":{"loc":{"start":{"line":56,"column":47},"end":{"line":56,"column":65}},"type":"binary-expr","locations":[{"start":{"line":56,"column":47},"end":{"line":56,"column":60}},{"start":{"line":56,"column":64},"end":{"line":56,"column":65}}]},"7":{"loc":{"start":{"line":63,"column":4},"end":{"line":65,"column":null}},"type":"if","locations":[{"start":{"line":63,"column":4},"end":{"line":65,"column":null}}]},"8":{"loc":{"start":{"line":70,"column":4},"end":{"line":72,"column":null}},"type":"if","locations":[{"start":{"line":70,"column":4},"end":{"line":72,"column":null}}]},"9":{"loc":{"start":{"line":76,"column":25},"end":{"line":76,"column":58}},"type":"binary-expr","locations":[{"start":{"line":76,"column":25},"end":{"line":76,"column":33}},{"start":{"line":76,"column":37},"end":{"line":76,"column":58}}]},"10":{"loc":{"start":{"line":77,"column":4},"end":{"line":79,"column":null}},"type":"if","locations":[{"start":{"line":77,"column":4},"end":{"line":79,"column":null}}]},"11":{"loc":{"start":{"line":80,"column":4},"end":{"line":82,"column":null}},"type":"if","locations":[{"start":{"line":80,"column":4},"end":{"line":82,"column":null}}]}},"s":{"0":30,"1":30,"2":30,"3":30,"4":33,"5":33,"6":33,"7":33,"8":35,"9":35,"10":35,"11":35,"12":28,"13":28,"14":28,"15":28,"16":28,"17":35,"18":35,"19":35,"20":35,"21":28,"22":28,"23":28,"24":35,"25":35,"26":35,"27":28,"28":31,"29":31,"30":24,"31":25,"32":25,"33":25,"34":19,"35":27,"36":27,"37":20,"38":27,"39":27,"40":27,"41":27,"42":20,"43":3},"f":{"0":30,"1":33,"2":35,"3":35,"4":35,"5":31,"6":25,"7":27,"8":27},"b":{"0":[33],"1":[28],"2":[28],"3":[35],"4":[28],"5":[24],"6":[24,2],"7":[19],"8":[20],"9":[27,20],"10":[27],"11":[20]}}
,"E:\\slider-plugin\\src\\range-slider\\View\\subView\\ticksView\\ticksView.ts": {"path":"E:\\slider-plugin\\src\\range-slider\\View\\subView\\ticksView\\ticksView.ts","statementMap":{"0":{"start":{"line":2,"column":2},"end":{"line":28,"column":null}},"1":{"start":{"line":3,"column":25},"end":{"line":3,"column":54}},"2":{"start":{"line":4,"column":4},"end":{"line":4,"column":54}},"3":{"start":{"line":6,"column":19},"end":{"line":6,"column":21}},"4":{"start":{"line":7,"column":4},"end":{"line":23,"column":null}},"5":{"start":{"line":7,"column":17},"end":{"line":7,"column":18}},"6":{"start":{"line":8,"column":39},"end":{"line":8,"column":68}},"7":{"start":{"line":9,"column":6},"end":{"line":9,"column":51}},"8":{"start":{"line":11,"column":28},"end":{"line":11,"column":42}},"9":{"start":{"line":12,"column":6},"end":{"line":12,"column":50}},"10":{"start":{"line":13,"column":6},"end":{"line":13,"column":36}},"11":{"start":{"line":15,"column":18},"end":{"line":15,"column":32}},"12":{"start":{"line":16,"column":18},"end":{"line":16,"column":53}},"13":{"start":{"line":17,"column":30},"end":{"line":17,"column":77}},"14":{"start":{"line":18,"column":6},"end":{"line":18,"column":42}},"15":{"start":{"line":20,"column":6},"end":{"line":20,"column":48}},"16":{"start":{"line":22,"column":6},"end":{"line":22,"column":64}},"17":{"start":{"line":24,"column":4},"end":{"line":27,"column":6}},"18":{"start":{"line":30,"column":2},"end":{"line":30,"column":null}},"19":{"start":{"line":30,"column":59},"end":{"line":30,"column":107}},"20":{"start":{"line":33,"column":0},"end":{"line":33,"column":25}}},"fnMap":{"0":{"name":"(anonymous_0)","decl":{"start":{"line":1,"column":0},"end":{"line":1,"column":6}},"loc":{"start":{"line":1,"column":0},"end":{"line":31,"column":1}}},"1":{"name":"(anonymous_1)","decl":{"start":{"line":2,"column":16},"end":{"line":2,"column":17}},"loc":{"start":{"line":2,"column":57},"end":{"line":28,"column":3}}},"2":{"name":"(anonymous_2)","decl":{"start":{"line":30,"column":23},"end":{"line":30,"column":24}},"loc":{"start":{"line":30,"column":59},"end":{"line":30,"column":107}}}},"branchMap":{},"s":{"0":24,"1":26,"2":26,"3":26,"4":26,"5":26,"6":280,"7":280,"8":280,"9":280,"10":280,"11":280,"12":280,"13":280,"14":280,"15":280,"16":280,"17":26,"18":24,"19":280,"20":3},"f":{"0":24,"1":26,"2":280},"b":{}}
}
