TN:
SF:src\range-slider\Model\Model.ts
FN:22,(anonymous_0)
FN:51,(anonymous_1)
FN:55,(anonymous_2)
FN:59,(anonymous_3)
FN:67,(anonymous_4)
FN:68,(anonymous_5)
FN:73,(anonymous_6)
FN:77,(anonymous_7)
FN:82,(anonymous_8)
FN:90,(anonymous_9)
FN:126,(anonymous_10)
FN:135,(anonymous_11)
FNF:12
FNH:12
FNDA:27,(anonymous_0)
FNDA:15,(anonymous_1)
FNDA:16,(anonymous_2)
FNDA:4,(anonymous_3)
FNDA:4,(anonymous_4)
FNDA:1,(anonymous_5)
FNDA:8,(anonymous_6)
FNDA:3,(anonymous_7)
FNDA:5,(anonymous_8)
FNDA:48,(anonymous_9)
FNDA:3,(anonymous_10)
FNDA:9,(anonymous_11)
DA:8,27
DA:9,27
DA:10,27
DA:11,27
DA:12,27
DA:13,27
DA:14,27
DA:15,27
DA:16,27
DA:17,27
DA:18,27
DA:19,27
DA:20,27
DA:23,27
DA:24,27
DA:25,27
DA:26,27
DA:27,27
DA:28,27
DA:29,27
DA:30,27
DA:31,27
DA:32,27
DA:33,27
DA:34,27
DA:36,27
DA:52,15
DA:56,16
DA:60,4
DA:61,1
DA:63,3
DA:68,4
DA:69,1
DA:74,8
DA:78,3
DA:83,5
DA:84,5
DA:85,1
DA:87,4
DA:92,48
DA:93,2
DA:95,48
DA:96,48
DA:97,43
DA:99,5
DA:101,5
DA:102,4
DA:103,25
DA:106,1
DA:107,1
DA:108,1
DA:109,10
DA:110,10
DA:112,10
DA:114,1
DA:115,1
DA:118,5
DA:119,1
DA:120,1
DA:123,5
DA:127,3
DA:128,3
DA:129,2
DA:131,1
DA:136,9
DA:137,9
DA:138,7
DA:139,6
DA:141,1
DA:142,1
DA:143,1
DA:145,2
DA:146,1
DA:148,1
DA:149,1
DA:150,1
DA:155,2
LF:77
LH:77
BRDA:23,0,0,27
BRDA:23,0,1,27
BRDA:24,1,0,27
BRDA:24,1,1,27
BRDA:25,2,0,27
BRDA:25,2,1,27
BRDA:26,3,0,27
BRDA:26,3,1,27
BRDA:27,4,0,27
BRDA:27,4,1,27
BRDA:28,5,0,27
BRDA:28,5,1,27
BRDA:29,6,0,27
BRDA:29,6,1,27
BRDA:30,7,0,27
BRDA:30,7,1,27
BRDA:31,8,0,27
BRDA:31,8,1,27
BRDA:32,9,0,27
BRDA:32,9,1,27
BRDA:60,10,0,1
BRDA:60,10,1,3
BRDA:82,11,0,2
BRDA:84,12,0,1
BRDA:90,13,0,42
BRDA:90,14,0,42
BRDA:90,15,0,42
BRDA:91,16,0,42
BRDA:92,17,0,2
BRDA:96,18,0,43
BRDA:101,19,0,4
BRDA:101,19,1,1
BRDA:109,20,0,10
BRDA:114,21,0,1
BRDA:118,22,0,1
BRDA:127,23,0,2
BRDA:127,23,1,1
BRDA:128,24,0,2
BRDA:128,24,1,1
BRDA:137,25,0,7
BRDA:137,25,1,2
BRDA:138,26,0,6
BRDA:138,26,1,1
BRDA:145,27,0,1
BRDA:145,27,1,1
BRF:45
BRH:45
end_of_record
TN:
SF:src\range-slider\Presenter\Presenter.ts
FN:8,(anonymous_0)
FN:14,(anonymous_1)
FN:22,(anonymous_2)
FN:26,(anonymous_3)
FNF:4
FNH:4
FNDA:10,(anonymous_0)
FNDA:15,(anonymous_1)
FNDA:2,(anonymous_2)
FNDA:3,(anonymous_3)
DA:5,10
DA:6,10
DA:9,10
DA:10,10
DA:11,10
DA:15,15
DA:16,15
DA:17,15
DA:18,15
DA:19,15
DA:23,2
DA:27,3
DA:28,3
DA:29,3
DA:32,1
LF:15
LH:15
BRF:0
BRH:0
end_of_record
TN:
SF:src\range-slider\View\View.ts
FN:41,(anonymous_0)
FN:67,(anonymous_1)
FN:71,(anonymous_2)
FN:90,(anonymous_3)
FN:93,(anonymous_4)
FN:124,(anonymous_5)
FN:126,(anonymous_6)
FN:131,(anonymous_7)
FN:136,(anonymous_8)
FN:144,(anonymous_9)
FN:157,(anonymous_10)
FN:163,(anonymous_11)
FN:170,(anonymous_12)
FN:178,(anonymous_13)
FN:178,(anonymous_14)
FN:188,(anonymous_15)
FN:188,(anonymous_16)
FN:195,(anonymous_17)
FN:209,(anonymous_18)
FN:212,(anonymous_19)
FN:216,(anonymous_20)
FN:222,(anonymous_21)
FN:232,(anonymous_22)
FN:239,(anonymous_23)
FN:300,(anonymous_24)
FN:118,(anonymous_25)
FN:249,(anonymous_26)
FN:255,(anonymous_27)
FN:277,(anonymous_28)
FN:285,(anonymous_29)
FN:292,(anonymous_30)
FNF:31
FNH:31
FNDA:33,(anonymous_0)
FNDA:16,(anonymous_1)
FNDA:40,(anonymous_2)
FNDA:1,(anonymous_3)
FNDA:1,(anonymous_4)
FNDA:44,(anonymous_5)
FNDA:1,(anonymous_6)
FNDA:1,(anonymous_7)
FNDA:41,(anonymous_8)
FNDA:3,(anonymous_9)
FNDA:2,(anonymous_10)
FNDA:7,(anonymous_11)
FNDA:1,(anonymous_12)
FNDA:4,(anonymous_13)
FNDA:4,(anonymous_14)
FNDA:86,(anonymous_15)
FNDA:2,(anonymous_16)
FNDA:41,(anonymous_17)
FNDA:86,(anonymous_18)
FNDA:1,(anonymous_19)
FNDA:1,(anonymous_20)
FNDA:41,(anonymous_21)
FNDA:43,(anonymous_22)
FNDA:52,(anonymous_23)
FNDA:51,(anonymous_24)
FNDA:40,(anonymous_25)
FNDA:40,(anonymous_26)
FNDA:48,(anonymous_27)
FNDA:52,(anonymous_28)
FNDA:40,(anonymous_29)
FNDA:40,(anonymous_30)
DA:15,33
DA:16,33
DA:17,33
DA:18,33
DA:19,33
DA:20,33
DA:21,33
DA:22,33
DA:23,33
DA:24,33
DA:26,33
DA:27,33
DA:28,33
DA:29,33
DA:30,33
DA:31,33
DA:33,33
DA:34,33
DA:35,33
DA:36,33
DA:37,33
DA:38,33
DA:39,33
DA:43,33
DA:44,33
DA:45,33
DA:46,33
DA:47,33
DA:48,33
DA:50,33
DA:64,33
DA:67,33
DA:68,16
DA:71,33
DA:72,40
DA:73,40
DA:74,40
DA:75,40
DA:76,40
DA:78,40
DA:79,40
DA:80,40
DA:88,40
DA:89,40
DA:90,40
DA:91,1
DA:93,40
DA:94,1
DA:96,40
DA:97,40
DA:99,40
DA:100,2
DA:102,40
DA:103,2
DA:105,40
DA:106,0
DA:107,0
DA:108,0
DA:110,0
DA:112,0
DA:113,0
DA:119,40
DA:120,40
DA:121,40
DA:124,33
DA:125,44
DA:126,42
DA:127,1
DA:130,2
DA:131,2
DA:132,1
DA:136,33
DA:137,41
DA:138,41
DA:139,1
DA:140,1
DA:144,33
DA:145,3
DA:146,3
DA:147,3
DA:148,3
DA:149,1
DA:150,1
DA:152,3
DA:153,3
DA:154,3
DA:157,33
DA:158,2
DA:159,2
DA:160,2
DA:163,33
DA:164,7
DA:165,5
DA:167,2
DA:169,7
DA:170,7
DA:171,1
DA:173,7
DA:174,7
DA:178,33
DA:179,4
DA:180,4
DA:181,4
DA:182,1
DA:184,3
DA:188,86
DA:189,2
DA:190,1
DA:192,2
DA:195,33
DA:196,41
DA:198,41
DA:200,41
DA:201,1
DA:202,1
DA:204,1
DA:209,33
DA:210,86
DA:211,86
DA:212,83
DA:213,1
DA:216,3
DA:217,1
DA:218,1
DA:222,33
DA:223,41
DA:224,41
DA:225,41
DA:226,1
DA:227,1
DA:228,1
DA:232,33
DA:233,43
DA:234,43
DA:235,43
DA:236,43
DA:239,33
DA:240,52
DA:241,2
DA:242,2
DA:244,50
DA:250,40
DA:251,40
DA:252,40
DA:256,48
DA:257,32
DA:258,32
DA:259,32
DA:260,32
DA:261,32
DA:263,32
DA:264,32
DA:265,32
DA:266,32
DA:267,32
DA:270,16
DA:271,16
DA:272,16
DA:273,16
DA:278,52
DA:279,52
DA:280,2
DA:281,2
DA:286,40
DA:287,40
DA:288,24
DA:293,40
DA:294,40
DA:295,24
DA:300,33
DA:301,51
DA:303,51
DA:309,51
DA:317,51
DA:318,51
DA:319,1
DA:324,2
LF:177
LH:171
BRDA:99,0,0,2
BRDA:102,1,0,2
BRDA:102,2,0,40
BRDA:102,2,1,2
BRDA:105,3,0,0
BRDA:125,4,0,42
BRDA:138,5,0,1
BRDA:148,6,0,1
BRDA:164,7,0,5
BRDA:164,7,1,2
BRDA:180,8,0,4
BRDA:180,8,1,1
BRDA:181,9,0,1
BRDA:181,9,1,3
BRDA:189,10,0,1
BRDA:189,11,0,2
BRDA:189,11,1,2
BRDA:200,12,0,1
BRDA:211,13,0,83
BRDA:225,14,0,1
BRDA:240,15,0,2
BRDA:240,15,1,50
BRDA:309,16,0,33
BRDA:309,16,1,18
BRDA:318,17,0,1
BRDA:318,18,0,51
BRDA:318,18,1,1
BRDA:256,19,0,32
BRDA:256,19,1,16
BRDA:279,20,0,2
BRDA:279,21,0,52
BRDA:279,21,1,2
BRDA:287,22,0,24
BRDA:294,23,0,24
BRF:34
BRH:33
end_of_record
TN:
SF:src\range-slider\View\subView\barView\barView.ts
FN:6,(anonymous_0)
FN:10,(anonymous_1)
FN:16,(anonymous_2)
FN:21,(anonymous_3)
FN:31,(anonymous_4)
FNF:5
FNH:5
FNDA:39,(anonymous_0)
FNDA:46,(anonymous_1)
FNDA:91,(anonymous_2)
FNDA:56,(anonymous_3)
FNDA:1,(anonymous_4)
DA:2,39
DA:3,39
DA:4,39
DA:7,39
DA:11,46
DA:12,46
DA:13,46
DA:17,91
DA:18,91
DA:22,56
DA:23,4
DA:24,4
DA:26,52
DA:27,52
DA:32,1
DA:33,1
DA:37,3
LF:17
LH:17
BRDA:22,0,0,4
BRDA:22,0,1,52
BRDA:24,1,0,4
BRDA:24,1,1,1
BRF:4
BRH:4
end_of_record
TN:
SF:src\range-slider\View\subView\bubbleView\bubbleView.ts
FN:2,(anonymous_0)
FN:8,(anonymous_1)
FN:16,(anonymous_2)
FN:29,(anonymous_3)
FN:40,(anonymous_4)
FN:47,(anonymous_5)
FN:56,(anonymous_6)
FNF:7
FNH:7
FNDA:39,(anonymous_0)
FNDA:40,(anonymous_1)
FNDA:45,(anonymous_2)
FNDA:38,(anonymous_3)
FNDA:44,(anonymous_4)
FNDA:2,(anonymous_5)
FNDA:3,(anonymous_6)
DA:3,39
DA:4,39
DA:5,39
DA:6,39
DA:9,40
DA:10,40
DA:11,35
DA:12,35
DA:17,45
DA:18,45
DA:19,45
DA:20,45
DA:21,3
DA:22,3
DA:23,3
DA:24,3
DA:25,3
DA:30,38
DA:31,38
DA:32,38
DA:33,38
DA:34,2
DA:35,2
DA:36,2
DA:41,44
DA:42,44
DA:43,2
DA:48,2
DA:49,2
DA:50,2
DA:51,2
DA:52,2
DA:57,3
DA:58,3
DA:59,3
DA:60,3
DA:61,1
DA:62,1
DA:67,3
LF:39
LH:39
BRDA:10,0,0,35
BRDA:20,1,0,3
BRDA:33,2,0,2
BRDA:42,3,0,2
BRDA:50,4,0,2
BRDA:52,5,0,2
BRDA:52,5,1,1
BRDA:60,6,0,1
BRF:8
BRH:8
end_of_record
TN:
SF:src\range-slider\View\subView\stepView\stepView.ts
FN:1,(anonymous_0)
FN:4,(anonymous_1)
FN:10,(anonymous_2)
FNF:3
FNH:3
FNDA:12,(anonymous_0)
FNDA:2,(anonymous_1)
FNDA:2,(anonymous_2)
DA:2,12
DA:5,2
DA:6,2
DA:7,2
DA:11,2
DA:12,2
DA:13,2
DA:14,1
DA:16,1
DA:21,2
LF:10
LH:10
BRDA:13,0,0,1
BRDA:13,0,1,1
BRDA:13,1,0,2
BRDA:13,1,1,2
BRF:4
BRH:4
end_of_record
TN:
SF:src\range-slider\View\subView\thumbView\thumbView.ts
FN:2,(anonymous_0)
FN:8,(anonymous_1)
FN:16,(anonymous_2)
FN:30,(anonymous_3)
FN:39,(anonymous_4)
FNF:5
FNH:5
FNDA:35,(anonymous_0)
FNDA:2,(anonymous_1)
FNDA:89,(anonymous_2)
FNDA:4,(anonymous_3)
FNDA:3,(anonymous_4)
DA:3,35
DA:4,35
DA:5,35
DA:6,35
DA:10,2
DA:11,2
DA:12,2
DA:17,89
DA:18,89
DA:19,89
DA:21,89
DA:22,3
DA:23,3
DA:24,3
DA:25,3
DA:26,3
DA:31,4
DA:32,4
DA:33,4
DA:34,3
DA:40,3
DA:41,3
DA:42,2
DA:47,3
LF:24
LH:24
BRDA:11,0,0,2
BRDA:21,1,0,3
BRDA:31,2,0,4
BRDA:33,3,0,3
BRDA:41,4,0,2
BRDA:42,5,0,2
BRDA:42,5,1,1
BRF:7
BRH:7
end_of_record
TN:
SF:src\range-slider\View\subView\ticksView\ticksView.ts
FN:1,(anonymous_0)
FN:2,(anonymous_1)
FN:30,(anonymous_2)
FNF:3
FNH:3
FNDA:35,(anonymous_0)
FNDA:1,(anonymous_1)
FNDA:6,(anonymous_2)
DA:2,35
DA:3,1
DA:4,1
DA:6,1
DA:7,1
DA:8,5
DA:9,5
DA:11,5
DA:12,5
DA:13,5
DA:15,5
DA:16,5
DA:17,5
DA:18,5
DA:20,5
DA:22,5
DA:24,1
DA:30,35
DA:33,3
LF:19
LH:19
BRF:0
BRH:0
end_of_record
