TN:
SF:src\range-slider\Model\Model.ts
FN:22,(anonymous_0)
FN:51,(anonymous_1)
FN:55,(anonymous_2)
FN:59,(anonymous_3)
FN:67,(anonymous_4)
FN:68,(anonymous_5)
FN:73,(anonymous_6)
FN:77,(anonymous_7)
FN:82,(anonymous_8)
FN:90,(anonymous_9)
FN:126,(anonymous_10)
FN:135,(anonymous_11)
FNF:12
FNH:12
FNDA:27,(anonymous_0)
FNDA:15,(anonymous_1)
FNDA:16,(anonymous_2)
FNDA:4,(anonymous_3)
FNDA:4,(anonymous_4)
FNDA:1,(anonymous_5)
FNDA:8,(anonymous_6)
FNDA:3,(anonymous_7)
FNDA:5,(anonymous_8)
FNDA:48,(anonymous_9)
FNDA:3,(anonymous_10)
FNDA:9,(anonymous_11)
DA:8,27
DA:9,27
DA:10,27
DA:11,27
DA:12,27
DA:13,27
DA:14,27
DA:15,27
DA:16,27
DA:17,27
DA:18,27
DA:19,27
DA:20,27
DA:23,27
DA:24,27
DA:25,27
DA:26,27
DA:27,27
DA:28,27
DA:29,27
DA:30,27
DA:31,27
DA:32,27
DA:33,27
DA:34,27
DA:36,27
DA:52,15
DA:56,16
DA:60,4
DA:61,1
DA:63,3
DA:68,4
DA:69,1
DA:74,8
DA:78,3
DA:83,5
DA:84,5
DA:85,1
DA:87,4
DA:92,48
DA:93,2
DA:95,48
DA:96,48
DA:97,43
DA:99,5
DA:101,5
DA:102,4
DA:103,25
DA:106,1
DA:107,1
DA:108,1
DA:109,10
DA:110,10
DA:112,10
DA:114,1
DA:115,1
DA:118,5
DA:119,1
DA:120,1
DA:123,5
DA:127,3
DA:128,3
DA:129,2
DA:131,1
DA:136,9
DA:137,9
DA:138,7
DA:139,6
DA:141,1
DA:142,1
DA:143,1
DA:145,2
DA:146,1
DA:148,1
DA:149,1
DA:150,1
DA:155,2
LF:77
LH:77
BRDA:23,0,0,27
BRDA:23,0,1,27
BRDA:24,1,0,27
BRDA:24,1,1,27
BRDA:25,2,0,27
BRDA:25,2,1,27
BRDA:26,3,0,27
BRDA:26,3,1,27
BRDA:27,4,0,27
BRDA:27,4,1,27
BRDA:28,5,0,27
BRDA:28,5,1,27
BRDA:29,6,0,27
BRDA:29,6,1,27
BRDA:30,7,0,27
BRDA:30,7,1,27
BRDA:31,8,0,27
BRDA:31,8,1,27
BRDA:32,9,0,27
BRDA:32,9,1,27
BRDA:60,10,0,1
BRDA:60,10,1,3
BRDA:82,11,0,2
BRDA:84,12,0,1
BRDA:90,13,0,42
BRDA:90,14,0,42
BRDA:90,15,0,42
BRDA:91,16,0,42
BRDA:92,17,0,2
BRDA:96,18,0,43
BRDA:101,19,0,4
BRDA:101,19,1,1
BRDA:109,20,0,10
BRDA:114,21,0,1
BRDA:118,22,0,1
BRDA:127,23,0,2
BRDA:127,23,1,1
BRDA:128,24,0,2
BRDA:128,24,1,1
BRDA:137,25,0,7
BRDA:137,25,1,2
BRDA:138,26,0,6
BRDA:138,26,1,1
BRDA:145,27,0,1
BRDA:145,27,1,1
BRF:45
BRH:45
end_of_record
TN:
SF:src\range-slider\Presenter\Presenter.ts
FN:8,(anonymous_0)
FN:14,(anonymous_1)
FN:22,(anonymous_2)
FN:26,(anonymous_3)
FNF:4
FNH:4
FNDA:10,(anonymous_0)
FNDA:15,(anonymous_1)
FNDA:2,(anonymous_2)
FNDA:3,(anonymous_3)
DA:5,10
DA:6,10
DA:9,10
DA:10,10
DA:11,10
DA:15,15
DA:16,15
DA:17,15
DA:18,15
DA:19,15
DA:23,2
DA:27,3
DA:28,3
DA:29,3
DA:32,1
LF:15
LH:15
BRF:0
BRH:0
end_of_record
TN:
SF:src\range-slider\View\View.ts
FN:39,(anonymous_0)
FN:63,(anonymous_1)
FN:67,(anonymous_2)
FN:92,(anonymous_3)
FN:95,(anonymous_4)
FN:126,(anonymous_5)
FN:128,(anonymous_6)
FN:132,(anonymous_7)
FN:137,(anonymous_8)
FN:144,(anonymous_9)
FN:157,(anonymous_10)
FN:163,(anonymous_11)
FN:170,(anonymous_12)
FN:178,(anonymous_13)
FN:178,(anonymous_14)
FN:188,(anonymous_15)
FN:188,(anonymous_16)
FN:195,(anonymous_17)
FN:208,(anonymous_18)
FN:211,(anonymous_19)
FN:215,(anonymous_20)
FN:220,(anonymous_21)
FN:229,(anonymous_22)
FN:236,(anonymous_23)
FN:329,(anonymous_24)
FN:120,(anonymous_25)
FN:246,(anonymous_26)
FN:252,(anonymous_27)
FN:274,(anonymous_28)
FN:282,(anonymous_29)
FN:289,(anonymous_30)
FN:298,(anonymous_31)
FN:312,(anonymous_32)
FN:321,(anonymous_33)
FNF:34
FNH:27
FNDA:21,(anonymous_0)
FNDA:16,(anonymous_1)
FNDA:28,(anonymous_2)
FNDA:1,(anonymous_3)
FNDA:1,(anonymous_4)
FNDA:29,(anonymous_5)
FNDA:1,(anonymous_6)
FNDA:0,(anonymous_7)
FNDA:28,(anonymous_8)
FNDA:2,(anonymous_9)
FNDA:2,(anonymous_10)
FNDA:4,(anonymous_11)
FNDA:0,(anonymous_12)
FNDA:4,(anonymous_13)
FNDA:3,(anonymous_14)
FNDA:56,(anonymous_15)
FNDA:0,(anonymous_16)
FNDA:28,(anonymous_17)
FNDA:56,(anonymous_18)
FNDA:0,(anonymous_19)
FNDA:0,(anonymous_20)
FNDA:28,(anonymous_21)
FNDA:30,(anonymous_22)
FNDA:36,(anonymous_23)
FNDA:36,(anonymous_24)
FNDA:28,(anonymous_25)
FNDA:28,(anonymous_26)
FNDA:28,(anonymous_27)
FNDA:36,(anonymous_28)
FNDA:28,(anonymous_29)
FNDA:28,(anonymous_30)
FNDA:28,(anonymous_31)
FNDA:0,(anonymous_32)
FNDA:0,(anonymous_33)
DA:14,21
DA:15,21
DA:16,21
DA:17,21
DA:18,21
DA:19,21
DA:20,21
DA:21,21
DA:22,21
DA:23,21
DA:25,21
DA:26,21
DA:27,21
DA:28,21
DA:29,21
DA:30,21
DA:32,21
DA:33,21
DA:34,21
DA:35,21
DA:36,21
DA:37,21
DA:40,21
DA:41,21
DA:42,21
DA:43,21
DA:44,21
DA:46,21
DA:60,21
DA:63,21
DA:64,16
DA:67,21
DA:68,28
DA:69,28
DA:70,28
DA:71,28
DA:72,28
DA:74,28
DA:75,28
DA:76,0
DA:77,0
DA:80,28
DA:81,28
DA:82,28
DA:90,28
DA:91,28
DA:92,28
DA:93,1
DA:95,28
DA:96,1
DA:98,28
DA:99,28
DA:101,28
DA:102,2
DA:104,28
DA:105,2
DA:107,28
DA:108,0
DA:109,0
DA:110,0
DA:112,0
DA:114,0
DA:115,0
DA:121,28
DA:122,28
DA:123,28
DA:126,21
DA:127,29
DA:128,29
DA:129,1
DA:132,0
DA:133,0
DA:137,21
DA:138,28
DA:139,28
DA:140,0
DA:144,21
DA:145,2
DA:146,2
DA:147,2
DA:148,2
DA:149,0
DA:150,0
DA:152,2
DA:153,2
DA:154,2
DA:157,21
DA:158,2
DA:159,2
DA:160,2
DA:163,21
DA:164,4
DA:165,4
DA:167,0
DA:169,4
DA:170,4
DA:171,0
DA:173,4
DA:174,4
DA:178,21
DA:179,3
DA:180,3
DA:181,3
DA:182,0
DA:184,3
DA:188,56
DA:189,0
DA:190,0
DA:192,0
DA:195,21
DA:196,28
DA:198,28
DA:200,28
DA:201,0
DA:203,0
DA:208,21
DA:209,56
DA:210,56
DA:211,56
DA:212,0
DA:215,0
DA:216,0
DA:220,21
DA:221,28
DA:222,28
DA:223,28
DA:224,0
DA:225,0
DA:229,21
DA:230,30
DA:231,30
DA:232,30
DA:233,30
DA:236,21
DA:237,36
DA:238,1
DA:239,1
DA:241,35
DA:247,28
DA:248,28
DA:249,28
DA:253,28
DA:254,1
DA:255,1
DA:256,1
DA:257,1
DA:258,1
DA:260,1
DA:261,1
DA:262,1
DA:263,1
DA:264,1
DA:267,27
DA:268,27
DA:269,27
DA:270,27
DA:275,36
DA:277,36
DA:278,0
DA:283,28
DA:284,28
DA:285,1
DA:290,28
DA:291,28
DA:292,1
DA:299,28
DA:300,28
DA:301,28
DA:303,28
DA:304,0
DA:305,0
DA:306,0
DA:307,0
DA:308,0
DA:313,0
DA:314,0
DA:315,0
DA:316,0
DA:322,0
DA:323,0
DA:324,0
DA:329,21
DA:330,36
DA:332,36
DA:338,36
DA:346,36
DA:347,36
DA:348,1
DA:353,2
LF:189
LH:150
BRDA:75,0,0,0
BRDA:101,1,0,2
BRDA:104,2,0,2
BRDA:104,3,0,28
BRDA:104,3,1,2
BRDA:107,4,0,0
BRDA:127,5,0,29
BRDA:139,6,0,0
BRDA:148,7,0,0
BRDA:164,8,0,4
BRDA:164,8,1,0
BRDA:180,9,0,3
BRDA:180,9,1,0
BRDA:181,10,0,0
BRDA:181,10,1,3
BRDA:189,11,0,0
BRDA:189,12,0,0
BRDA:189,12,1,0
BRDA:200,13,0,0
BRDA:210,14,0,56
BRDA:223,15,0,0
BRDA:237,16,0,1
BRDA:237,16,1,35
BRDA:338,17,0,1
BRDA:338,17,1,35
BRDA:347,18,0,1
BRDA:347,19,0,36
BRDA:347,19,1,1
BRDA:253,20,0,1
BRDA:253,20,1,27
BRDA:277,21,0,0
BRDA:277,22,0,36
BRDA:277,22,1,0
BRDA:284,23,0,1
BRDA:291,24,0,1
BRDA:303,25,0,0
BRDA:313,26,0,0
BRDA:315,27,0,0
BRDA:323,28,0,0
BRDA:324,29,0,0
BRDA:324,29,1,0
BRF:41
BRH:21
end_of_record
TN:
SF:src\range-slider\View\subView\barView\barView.ts
FN:6,(anonymous_0)
FN:10,(anonymous_1)
FN:16,(anonymous_2)
FN:21,(anonymous_3)
FN:31,(anonymous_4)
FNF:5
FNH:5
FNDA:27,(anonymous_0)
FNDA:34,(anonymous_1)
FNDA:44,(anonymous_2)
FNDA:41,(anonymous_3)
FNDA:1,(anonymous_4)
DA:2,27
DA:3,27
DA:4,27
DA:7,27
DA:11,34
DA:12,34
DA:13,34
DA:17,44
DA:18,44
DA:22,41
DA:23,3
DA:24,3
DA:26,38
DA:27,38
DA:32,1
DA:33,1
DA:37,3
LF:17
LH:17
BRDA:22,0,0,3
BRDA:22,0,1,38
BRDA:24,1,0,3
BRDA:24,1,1,1
BRF:4
BRH:4
end_of_record
TN:
SF:src\range-slider\View\subView\bubbleView\bubbleView.ts
FN:2,(anonymous_0)
FN:8,(anonymous_1)
FN:16,(anonymous_2)
FN:29,(anonymous_3)
FN:40,(anonymous_4)
FN:47,(anonymous_5)
FN:56,(anonymous_6)
FNF:7
FNH:7
FNDA:26,(anonymous_0)
FNDA:28,(anonymous_1)
FNDA:87,(anonymous_2)
FNDA:25,(anonymous_3)
FNDA:29,(anonymous_4)
FNDA:1,(anonymous_5)
FNDA:3,(anonymous_6)
DA:3,26
DA:4,26
DA:5,26
DA:6,26
DA:9,28
DA:10,28
DA:11,23
DA:12,23
DA:17,87
DA:18,87
DA:19,87
DA:20,87
DA:21,2
DA:22,2
DA:23,2
DA:24,2
DA:25,2
DA:30,25
DA:31,25
DA:32,25
DA:33,25
DA:34,1
DA:35,1
DA:36,1
DA:41,29
DA:42,29
DA:43,1
DA:48,1
DA:49,1
DA:50,1
DA:51,1
DA:52,1
DA:57,3
DA:58,3
DA:59,3
DA:60,3
DA:61,1
DA:62,1
DA:67,3
LF:39
LH:39
BRDA:10,0,0,23
BRDA:20,1,0,2
BRDA:33,2,0,1
BRDA:42,3,0,1
BRDA:50,4,0,1
BRDA:52,5,0,1
BRDA:52,5,1,0
BRDA:60,6,0,1
BRF:8
BRH:7
end_of_record
TN:
SF:src\range-slider\View\subView\stepView\stepView.ts
FN:1,(anonymous_0)
FN:4,(anonymous_1)
FN:10,(anonymous_2)
FNF:3
FNH:3
FNDA:12,(anonymous_0)
FNDA:2,(anonymous_1)
FNDA:2,(anonymous_2)
DA:2,12
DA:5,2
DA:6,2
DA:7,2
DA:11,2
DA:12,2
DA:13,2
DA:14,1
DA:16,1
DA:21,2
LF:10
LH:10
BRDA:13,0,0,1
BRDA:13,0,1,1
BRDA:13,1,0,2
BRDA:13,1,1,2
BRF:4
BRH:4
end_of_record
TN:
SF:src\range-slider\View\subView\ticksView\ticksView.ts
FN:1,(anonymous_0)
FN:2,(anonymous_1)
FN:30,(anonymous_2)
FNF:3
FNH:3
FNDA:23,(anonymous_0)
FNDA:1,(anonymous_1)
FNDA:6,(anonymous_2)
DA:2,23
DA:3,1
DA:4,1
DA:6,1
DA:7,1
DA:8,5
DA:9,5
DA:11,5
DA:12,5
DA:13,5
DA:15,5
DA:16,5
DA:17,5
DA:18,5
DA:20,5
DA:22,5
DA:24,1
DA:30,23
DA:33,3
LF:19
LH:19
BRF:0
BRH:0
end_of_record
